#2026 04 22 09:30:44.798#Z#DEBUG#cf9e627f-3e2d-11f1-8b07-eeee0a9d4f34.employee-crud-app-srv#flowable-async-job-executor-thread-1936#
[PollStartAppStatusExecution] b67f0dba-b613-487d-b214-07e2f7c68b9d [2026-04-22T09:13:43.322551] Added process: "web" (STDOUT, API)#
#2026 04 22 09:30:44.798#Z#DEBUG#cf9e627f-3e2d-11f1-8b07-eeee0a9d4f34.employee-crud-app-srv#flowable-async-job-executor-thread-1936#
[PollStartAppStatusExecution] b67f0dba-b613-487d-b214-07e2f7c68b9d [2026-04-22T09:13:43.328981] Created app with guid b67f0dba-b613-487d-b214-07e2f7c68b9d (STDOUT, API)#
#2026 04 22 09:30:44.798#Z#DEBUG#cf9e627f-3e2d-11f1-8b07-eeee0a9d4f34.employee-crud-app-srv#flowable-async-job-executor-thread-1936#
[PollStartAppStatusExecution] b67f0dba-b613-487d-b214-07e2f7c68b9d [2026-04-22T09:13:43.441067] Updating process: "web" (STDOUT, API)#
#2026 04 22 09:30:44.798#Z#DEBUG#cf9e627f-3e2d-11f1-8b07-eeee0a9d4f34.employee-crud-app-srv#flowable-async-job-executor-thread-1936#
[PollStartAppStatusExecution] b67f0dba-b613-487d-b214-07e2f7c68b9d [2026-04-22T09:13:43.532937] Scaling process: "web" (STDOUT, API)#
#2026 04 22 09:30:44.798#Z#DEBUG#cf9e627f-3e2d-11f1-8b07-eeee0a9d4f34.employee-crud-app-srv#flowable-async-job-executor-thread-1936#
[PollStartAppStatusExecution] b67f0dba-b613-487d-b214-07e2f7c68b9d [2026-04-22T09:14:12.754307] Uploading app package for app with guid b67f0dba-b613-487d-b214-07e2f7c68b9d (STDOUT, API)#
#2026 04 22 09:30:44.798#Z#DEBUG#cf9e627f-3e2d-11f1-8b07-eeee0a9d4f34.employee-crud-app-srv#flowable-async-job-executor-thread-1936#
[PollStartAppStatusExecution] b67f0dba-b613-487d-b214-07e2f7c68b9d [2026-04-22T09:14:13.008865] Updated app with guid b67f0dba-b613-487d-b214-07e2f7c68b9d ({"environment_variables"=>"[PRIVATE DATA HIDDEN]"}) (STDOUT, API)#
#2026 04 22 09:30:44.798#Z#DEBUG#cf9e627f-3e2d-11f1-8b07-eeee0a9d4f34.employee-crud-app-srv#flowable-async-job-executor-thread-1936#
[PollStartAppStatusExecution] b67f0dba-b613-487d-b214-07e2f7c68b9d [2026-04-22T09:14:31.489388] Creating build for app with guid b67f0dba-b613-487d-b214-07e2f7c68b9d (STDOUT, API)#
#2026 04 22 09:30:44.798#Z#DEBUG#cf9e627f-3e2d-11f1-8b07-eeee0a9d4f34.employee-crud-app-srv#flowable-async-job-executor-thread-1936#
[PollStartAppStatusExecution] b67f0dba-b613-487d-b214-07e2f7c68b9d [2026-04-22T09:14:31.874479] Downloading nodejs_buildpack... (STDOUT, STG)#
#2026 04 22 09:30:44.798#Z#DEBUG#cf9e627f-3e2d-11f1-8b07-eeee0a9d4f34.employee-crud-app-srv#flowable-async-job-executor-thread-1936#
[PollStartAppStatusExecution] b67f0dba-b613-487d-b214-07e2f7c68b9d [2026-04-22T09:14:31.902204] Downloaded nodejs_buildpack (STDOUT, STG)#
#2026 04 22 09:30:44.798#Z#DEBUG#cf9e627f-3e2d-11f1-8b07-eeee0a9d4f34.employee-crud-app-srv#flowable-async-job-executor-thread-1936#
[PollStartAppStatusExecution] b67f0dba-b613-487d-b214-07e2f7c68b9d [2026-04-22T09:14:31.902310] Cell 1ea14514-f0fe-461c-9aa9-a53bbe093b00 creating container for instance 9c70f39f-438d-428b-b265-f935599a487c (STDOUT, STG)#
#2026 04 22 09:30:44.798#Z#DEBUG#cf9e627f-3e2d-11f1-8b07-eeee0a9d4f34.employee-crud-app-srv#flowable-async-job-executor-thread-1936#
[PollStartAppStatusExecution] b67f0dba-b613-487d-b214-07e2f7c68b9d [2026-04-22T09:14:32.695246] Security group rules were updated (STDOUT, STG)#
#2026 04 22 09:30:44.798#Z#DEBUG#cf9e627f-3e2d-11f1-8b07-eeee0a9d4f34.employee-crud-app-srv#flowable-async-job-executor-thread-1936#
[PollStartAppStatusExecution] b67f0dba-b613-487d-b214-07e2f7c68b9d [2026-04-22T09:14:32.790904] Cell 1ea14514-f0fe-461c-9aa9-a53bbe093b00 successfully created container for instance 9c70f39f-438d-428b-b265-f935599a487c (STDOUT, STG)#
#2026 04 22 09:30:44.798#Z#DEBUG#cf9e627f-3e2d-11f1-8b07-eeee0a9d4f34.employee-crud-app-srv#flowable-async-job-executor-thread-1936#
[PollStartAppStatusExecution] b67f0dba-b613-487d-b214-07e2f7c68b9d [2026-04-22T09:14:34.046055] Downloading app package... (STDOUT, STG)#
#2026 04 22 09:30:44.798#Z#DEBUG#cf9e627f-3e2d-11f1-8b07-eeee0a9d4f34.employee-crud-app-srv#flowable-async-job-executor-thread-1936#
[PollStartAppStatusExecution] b67f0dba-b613-487d-b214-07e2f7c68b9d [2026-04-22T09:14:36.849842] Downloaded app package (14.6M) (STDOUT, STG)#
#2026 04 22 09:30:44.798#Z#DEBUG#cf9e627f-3e2d-11f1-8b07-eeee0a9d4f34.employee-crud-app-srv#flowable-async-job-executor-thread-1936#
[PollStartAppStatusExecution] b67f0dba-b613-487d-b214-07e2f7c68b9d [2026-04-22T09:14:36.981534] -----> Nodejs Buildpack version 1.8.44 (STDOUT, STG)#
#2026 04 22 09:30:44.798#Z#DEBUG#cf9e627f-3e2d-11f1-8b07-eeee0a9d4f34.employee-crud-app-srv#flowable-async-job-executor-thread-1936#
[PollStartAppStatusExecution] b67f0dba-b613-487d-b214-07e2f7c68b9d [2026-04-22T09:14:37.988407] -----> Bootstrapping python (STDOUT, STG)#
#2026 04 22 09:30:44.798#Z#DEBUG#cf9e627f-3e2d-11f1-8b07-eeee0a9d4f34.employee-crud-app-srv#flowable-async-job-executor-thread-1936#
[PollStartAppStatusExecution] b67f0dba-b613-487d-b214-07e2f7c68b9d [2026-04-22T09:14:37.988444] -----> Installing python 3.11.14 (STDOUT, STG)#
#2026 04 22 09:30:44.798#Z#DEBUG#cf9e627f-3e2d-11f1-8b07-eeee0a9d4f34.employee-crud-app-srv#flowable-async-job-executor-thread-1936#
[PollStartAppStatusExecution] b67f0dba-b613-487d-b214-07e2f7c68b9d [2026-04-22T09:14:37.988542] Copy [/tmp/buildpacks/ee597f2be8090397/dependencies/b5e0345ae0ae1932e7d56fffaa49a487/python_3.11.14_linux_x64_cflinuxfs4_66f53248.tgz] (STDOUT, STG)#
#2026 04 22 09:30:44.798#Z#DEBUG#cf9e627f-3e2d-11f1-8b07-eeee0a9d4f34.employee-crud-app-srv#flowable-async-job-executor-thread-1936#
[PollStartAppStatusExecution] b67f0dba-b613-487d-b214-07e2f7c68b9d [2026-04-22T09:14:43.526438] -----> Installing binaries (STDOUT, STG)#
#2026 04 22 09:30:44.798#Z#DEBUG#cf9e627f-3e2d-11f1-8b07-eeee0a9d4f34.employee-crud-app-srv#flowable-async-job-executor-thread-1936#
[PollStartAppStatusExecution] b67f0dba-b613-487d-b214-07e2f7c68b9d [2026-04-22T09:14:43.526605] engines.node (package.json): >=20 (STDOUT, STG)#
#2026 04 22 09:30:44.798#Z#DEBUG#cf9e627f-3e2d-11f1-8b07-eeee0a9d4f34.employee-crud-app-srv#flowable-async-job-executor-thread-1936#
[PollStartAppStatusExecution] b67f0dba-b613-487d-b214-07e2f7c68b9d [2026-04-22T09:14:43.526624] engines.npm (package.json): unspecified (use default) (STDOUT, STG)#
#2026 04 22 09:30:44.798#Z#DEBUG#cf9e627f-3e2d-11f1-8b07-eeee0a9d4f34.employee-crud-app-srv#flowable-async-job-executor-thread-1936#
[PollStartAppStatusExecution] b67f0dba-b613-487d-b214-07e2f7c68b9d [2026-04-22T09:14:43.526677] [31;1m**WARNING**[0m Dangerous semver range (>) in engines.node. See: http://docs.cloudfoundry.org/buildpacks/node/node-tips.html (STDOUT, STG)#
#2026 04 22 09:30:44.798#Z#DEBUG#cf9e627f-3e2d-11f1-8b07-eeee0a9d4f34.employee-crud-app-srv#flowable-async-job-executor-thread-1936#
[PollStartAppStatusExecution] b67f0dba-b613-487d-b214-07e2f7c68b9d [2026-04-22T09:14:43.526830] -----> Installing node 24.13.0 (STDOUT, STG)#
#2026 04 22 09:30:44.798#Z#DEBUG#cf9e627f-3e2d-11f1-8b07-eeee0a9d4f34.employee-crud-app-srv#flowable-async-job-executor-thread-1936#
[PollStartAppStatusExecution] b67f0dba-b613-487d-b214-07e2f7c68b9d [2026-04-22T09:14:43.527122] Copy [/tmp/buildpacks/ee597f2be8090397/dependencies/2f5692219fecc3eee6e6d507a6bfe7b9/node_24.13.0_linux_x64_cflinuxfs4_a816dee1.tgz] (STDOUT, STG)#
#2026 04 22 09:30:44.798#Z#DEBUG#cf9e627f-3e2d-11f1-8b07-eeee0a9d4f34.employee-crud-app-srv#flowable-async-job-executor-thread-1936#
[PollStartAppStatusExecution] b67f0dba-b613-487d-b214-07e2f7c68b9d [2026-04-22T09:14:47.183767] Using default npm version: 11.6.2 (STDOUT, STG)#
#2026 04 22 09:30:44.798#Z#DEBUG#cf9e627f-3e2d-11f1-8b07-eeee0a9d4f34.employee-crud-app-srv#flowable-async-job-executor-thread-1936#
[PollStartAppStatusExecution] b67f0dba-b613-487d-b214-07e2f7c68b9d [2026-04-22T09:14:47.183790] -----> Installing yarn 1.22.22 (STDOUT, STG)#
#2026 04 22 09:30:44.798#Z#DEBUG#cf9e627f-3e2d-11f1-8b07-eeee0a9d4f34.employee-crud-app-srv#flowable-async-job-executor-thread-1936#
[PollStartAppStatusExecution] b67f0dba-b613-487d-b214-07e2f7c68b9d [2026-04-22T09:14:47.183886] Copy [/tmp/buildpacks/ee597f2be8090397/dependencies/e3a39aedd1236924d69cc2d0637a8ed2/yarn_1.22.22_linux_noarch_any-stack_4911d0a6.tgz] (STDOUT, STG)#
#2026 04 22 09:30:44.798#Z#DEBUG#cf9e627f-3e2d-11f1-8b07-eeee0a9d4f34.employee-crud-app-srv#flowable-async-job-executor-thread-1936#
[PollStartAppStatusExecution] b67f0dba-b613-487d-b214-07e2f7c68b9d [2026-04-22T09:14:47.619563] Installed yarn 1.22.22 (STDOUT, STG)#
#2026 04 22 09:30:44.798#Z#DEBUG#cf9e627f-3e2d-11f1-8b07-eeee0a9d4f34.employee-crud-app-srv#flowable-async-job-executor-thread-1936#
[PollStartAppStatusExecution] b67f0dba-b613-487d-b214-07e2f7c68b9d [2026-04-22T09:14:47.619721] -----> Creating runtime environment (STDOUT, STG)#
#2026 04 22 09:30:44.798#Z#DEBUG#cf9e627f-3e2d-11f1-8b07-eeee0a9d4f34.employee-crud-app-srv#flowable-async-job-executor-thread-1936#
[PollStartAppStatusExecution] b67f0dba-b613-487d-b214-07e2f7c68b9d [2026-04-22T09:14:47.623221] NODE_ENV=production (STDOUT, STG)#
#2026 04 22 09:30:44.798#Z#DEBUG#cf9e627f-3e2d-11f1-8b07-eeee0a9d4f34.employee-crud-app-srv#flowable-async-job-executor-thread-1936#
[PollStartAppStatusExecution] b67f0dba-b613-487d-b214-07e2f7c68b9d [2026-04-22T09:14:47.623240] NODE_HOME=/tmp/contents1827032395/deps/0/node (STDOUT, STG)#
#2026 04 22 09:30:44.798#Z#DEBUG#cf9e627f-3e2d-11f1-8b07-eeee0a9d4f34.employee-crud-app-srv#flowable-async-job-executor-thread-1936#
[PollStartAppStatusExecution] b67f0dba-b613-487d-b214-07e2f7c68b9d [2026-04-22T09:14:47.623303] NODE_MODULES_CACHE=true (STDOUT, STG)#
#2026 04 22 09:30:44.798#Z#DEBUG#cf9e627f-3e2d-11f1-8b07-eeee0a9d4f34.employee-crud-app-srv#flowable-async-job-executor-thread-1936#
[PollStartAppStatusExecution] b67f0dba-b613-487d-b214-07e2f7c68b9d [2026-04-22T09:14:47.623364] NODE_VERBOSE=false (STDOUT, STG)#
#2026 04 22 09:30:44.798#Z#DEBUG#cf9e627f-3e2d-11f1-8b07-eeee0a9d4f34.employee-crud-app-srv#flowable-async-job-executor-thread-1936#
[PollStartAppStatusExecution] b67f0dba-b613-487d-b214-07e2f7c68b9d [2026-04-22T09:14:47.623406] NPM_CONFIG_LOGLEVEL=error (STDOUT, STG)#
#2026 04 22 09:30:44.798#Z#DEBUG#cf9e627f-3e2d-11f1-8b07-eeee0a9d4f34.employee-crud-app-srv#flowable-async-job-executor-thread-1936#
[PollStartAppStatusExecution] b67f0dba-b613-487d-b214-07e2f7c68b9d [2026-04-22T09:14:47.623465] NPM_CONFIG_PRODUCTION=true (STDOUT, STG)#
#2026 04 22 09:30:44.798#Z#DEBUG#cf9e627f-3e2d-11f1-8b07-eeee0a9d4f34.employee-crud-app-srv#flowable-async-job-executor-thread-1936#
[PollStartAppStatusExecution] b67f0dba-b613-487d-b214-07e2f7c68b9d [2026-04-22T09:14:47.623520] -----> Building dependencies (STDOUT, STG)#
#2026 04 22 09:30:44.798#Z#DEBUG#cf9e627f-3e2d-11f1-8b07-eeee0a9d4f34.employee-crud-app-srv#flowable-async-job-executor-thread-1936#
[PollStartAppStatusExecution] b67f0dba-b613-487d-b214-07e2f7c68b9d [2026-04-22T09:14:47.623595] Prebuild detected (node_modules already exists) (STDOUT, STG)#
#2026 04 22 09:30:44.798#Z#DEBUG#cf9e627f-3e2d-11f1-8b07-eeee0a9d4f34.employee-crud-app-srv#flowable-async-job-executor-thread-1936#
[PollStartAppStatusExecution] b67f0dba-b613-487d-b214-07e2f7c68b9d [2026-04-22T09:14:47.623648] Rebuilding any native modules (STDOUT, STG)#
#2026 04 22 09:30:44.798#Z#DEBUG#cf9e627f-3e2d-11f1-8b07-eeee0a9d4f34.employee-crud-app-srv#flowable-async-job-executor-thread-1936#
[PollStartAppStatusExecution] b67f0dba-b613-487d-b214-07e2f7c68b9d [2026-04-22T09:14:48.753553] rebuilt dependencies successfully (STDOUT, STG)#
#2026 04 22 09:30:44.798#Z#DEBUG#cf9e627f-3e2d-11f1-8b07-eeee0a9d4f34.employee-crud-app-srv#flowable-async-job-executor-thread-1936#
[PollStartAppStatusExecution] b67f0dba-b613-487d-b214-07e2f7c68b9d [2026-04-22T09:14:48.755919] npm notice (STDOUT, STG)#
#2026 04 22 09:30:44.798#Z#DEBUG#cf9e627f-3e2d-11f1-8b07-eeee0a9d4f34.employee-crud-app-srv#flowable-async-job-executor-thread-1936#
[PollStartAppStatusExecution] b67f0dba-b613-487d-b214-07e2f7c68b9d [2026-04-22T09:14:48.755934] npm notice New minor version of npm available! 11.6.2 -> 11.12.1 (STDOUT, STG)#
#2026 04 22 09:30:44.798#Z#DEBUG#cf9e627f-3e2d-11f1-8b07-eeee0a9d4f34.employee-crud-app-srv#flowable-async-job-executor-thread-1936#
[PollStartAppStatusExecution] b67f0dba-b613-487d-b214-07e2f7c68b9d [2026-04-22T09:14:48.755939] npm notice Changelog: https://github.com/npm/cli/releases/tag/v11.12.1 (STDOUT, STG)#
#2026 04 22 09:30:44.798#Z#DEBUG#cf9e627f-3e2d-11f1-8b07-eeee0a9d4f34.employee-crud-app-srv#flowable-async-job-executor-thread-1936#
[PollStartAppStatusExecution] b67f0dba-b613-487d-b214-07e2f7c68b9d [2026-04-22T09:14:48.755943] npm notice To update run: npm install -g npm@11.12.1 (STDOUT, STG)#
#2026 04 22 09:30:44.798#Z#DEBUG#cf9e627f-3e2d-11f1-8b07-eeee0a9d4f34.employee-crud-app-srv#flowable-async-job-executor-thread-1936#
[PollStartAppStatusExecution] b67f0dba-b613-487d-b214-07e2f7c68b9d [2026-04-22T09:14:48.755947] npm notice (STDOUT, STG)#
#2026 04 22 09:30:44.798#Z#DEBUG#cf9e627f-3e2d-11f1-8b07-eeee0a9d4f34.employee-crud-app-srv#flowable-async-job-executor-thread-1936#
[PollStartAppStatusExecution] b67f0dba-b613-487d-b214-07e2f7c68b9d [2026-04-22T09:14:48.839440] Installing any new modules (package.json + package-lock.json) (STDOUT, STG)#
#2026 04 22 09:30:44.798#Z#DEBUG#cf9e627f-3e2d-11f1-8b07-eeee0a9d4f34.employee-crud-app-srv#flowable-async-job-executor-thread-1936#
[PollStartAppStatusExecution] b67f0dba-b613-487d-b214-07e2f7c68b9d [2026-04-22T09:14:50.444734] removed 19 packages in 2s (STDOUT, STG)#
#2026 04 22 09:30:44.798#Z#DEBUG#cf9e627f-3e2d-11f1-8b07-eeee0a9d4f34.employee-crud-app-srv#flowable-async-job-executor-thread-1936#
[PollStartAppStatusExecution] b67f0dba-b613-487d-b214-07e2f7c68b9d [2026-04-22T09:14:50.445142] 40 packages are looking for funding (STDOUT, STG)#
#2026 04 22 09:30:44.798#Z#DEBUG#cf9e627f-3e2d-11f1-8b07-eeee0a9d4f34.employee-crud-app-srv#flowable-async-job-executor-thread-1936#
[PollStartAppStatusExecution] b67f0dba-b613-487d-b214-07e2f7c68b9d [2026-04-22T09:14:50.445290] run `npm fund` for details (STDOUT, STG)#
#2026 04 22 09:30:44.798#Z#DEBUG#cf9e627f-3e2d-11f1-8b07-eeee0a9d4f34.employee-crud-app-srv#flowable-async-job-executor-thread-1936#
[PollStartAppStatusExecution] b67f0dba-b613-487d-b214-07e2f7c68b9d [2026-04-22T09:14:52.460976] Contrast Security no credentials found. Will not write environment files. (STDOUT, STG)#
#2026 04 22 09:30:44.798#Z#DEBUG#cf9e627f-3e2d-11f1-8b07-eeee0a9d4f34.employee-crud-app-srv#flowable-async-job-executor-thread-1936#
[PollStartAppStatusExecution] b67f0dba-b613-487d-b214-07e2f7c68b9d [2026-04-22T09:15:08.585482] Exit status 0 (STDOUT, STG)#
#2026 04 22 09:30:44.798#Z#DEBUG#cf9e627f-3e2d-11f1-8b07-eeee0a9d4f34.employee-crud-app-srv#flowable-async-job-executor-thread-1936#
[PollStartAppStatusExecution] b67f0dba-b613-487d-b214-07e2f7c68b9d [2026-04-22T09:15:08.585554] Uploading droplet, build artifacts cache... (STDOUT, STG)#
#2026 04 22 09:30:44.798#Z#DEBUG#cf9e627f-3e2d-11f1-8b07-eeee0a9d4f34.employee-crud-app-srv#flowable-async-job-executor-thread-1936#
[PollStartAppStatusExecution] b67f0dba-b613-487d-b214-07e2f7c68b9d [2026-04-22T09:15:08.585608] Uploading droplet... (STDOUT, STG)#
#2026 04 22 09:30:44.798#Z#DEBUG#cf9e627f-3e2d-11f1-8b07-eeee0a9d4f34.employee-crud-app-srv#flowable-async-job-executor-thread-1936#
[PollStartAppStatusExecution] b67f0dba-b613-487d-b214-07e2f7c68b9d [2026-04-22T09:15:08.586084] Uploading build artifacts cache... (STDOUT, STG)#
#2026 04 22 09:30:44.798#Z#DEBUG#cf9e627f-3e2d-11f1-8b07-eeee0a9d4f34.employee-crud-app-srv#flowable-async-job-executor-thread-1936#
[PollStartAppStatusExecution] b67f0dba-b613-487d-b214-07e2f7c68b9d [2026-04-22T09:15:08.622385] Uploaded build artifacts cache (219B) (STDOUT, STG)#
#2026 04 22 09:30:44.798#Z#DEBUG#cf9e627f-3e2d-11f1-8b07-eeee0a9d4f34.employee-crud-app-srv#flowable-async-job-executor-thread-1936#
[PollStartAppStatusExecution] b67f0dba-b613-487d-b214-07e2f7c68b9d [2026-04-22T09:15:09.664278] Creating droplet for app with guid b67f0dba-b613-487d-b214-07e2f7c68b9d (STDOUT, API)#
#2026 04 22 09:30:44.798#Z#DEBUG#cf9e627f-3e2d-11f1-8b07-eeee0a9d4f34.employee-crud-app-srv#flowable-async-job-executor-thread-1936#
[PollStartAppStatusExecution] b67f0dba-b613-487d-b214-07e2f7c68b9d [2026-04-22T09:15:11.753056] Uploaded droplet (65.4M) (STDOUT, STG)#
#2026 04 22 09:30:44.798#Z#DEBUG#cf9e627f-3e2d-11f1-8b07-eeee0a9d4f34.employee-crud-app-srv#flowable-async-job-executor-thread-1936#
[PollStartAppStatusExecution] b67f0dba-b613-487d-b214-07e2f7c68b9d [2026-04-22T09:15:11.790310] Uploading complete (STDOUT, STG)#
#2026 04 22 09:30:44.798#Z#DEBUG#cf9e627f-3e2d-11f1-8b07-eeee0a9d4f34.employee-crud-app-srv#flowable-async-job-executor-thread-1936#
[PollStartAppStatusExecution] b67f0dba-b613-487d-b214-07e2f7c68b9d [2026-04-22T09:15:12.747473] Cell 1ea14514-f0fe-461c-9aa9-a53bbe093b00 stopping instance 9c70f39f-438d-428b-b265-f935599a487c (STDOUT, STG)#
#2026 04 22 09:30:44.798#Z#DEBUG#cf9e627f-3e2d-11f1-8b07-eeee0a9d4f34.employee-crud-app-srv#flowable-async-job-executor-thread-1936#
[PollStartAppStatusExecution] b67f0dba-b613-487d-b214-07e2f7c68b9d [2026-04-22T09:15:12.747531] Cell 1ea14514-f0fe-461c-9aa9-a53bbe093b00 destroying container for instance 9c70f39f-438d-428b-b265-f935599a487c (STDOUT, STG)#
#2026 04 22 09:30:44.798#Z#DEBUG#cf9e627f-3e2d-11f1-8b07-eeee0a9d4f34.employee-crud-app-srv#flowable-async-job-executor-thread-1936#
[PollStartAppStatusExecution] b67f0dba-b613-487d-b214-07e2f7c68b9d [2026-04-22T09:15:12.812714] Staging complete for build 9c70f39f-438d-428b-b265-f935599a487c (STDOUT, API)#
#2026 04 22 09:30:44.798#Z#DEBUG#cf9e627f-3e2d-11f1-8b07-eeee0a9d4f34.employee-crud-app-srv#flowable-async-job-executor-thread-1936#
[PollStartAppStatusExecution] b67f0dba-b613-487d-b214-07e2f7c68b9d [2026-04-22T09:15:16.554448] Cell 1ea14514-f0fe-461c-9aa9-a53bbe093b00 successfully destroyed container for instance 9c70f39f-438d-428b-b265-f935599a487c (STDOUT, STG)#
#2026 04 22 09:30:44.798#Z#DEBUG#cf9e627f-3e2d-11f1-8b07-eeee0a9d4f34.employee-crud-app-srv#flowable-async-job-executor-thread-1936#
[PollStartAppStatusExecution] b67f0dba-b613-487d-b214-07e2f7c68b9d [2026-04-22T09:15:21.641829] Updated app with guid b67f0dba-b613-487d-b214-07e2f7c68b9d ({:droplet_guid=>"56eefcdf-440b-4dbc-997f-cf1e72be49dc"}) (STDOUT, API)#
#2026 04 22 09:30:44.798#Z#DEBUG#cf9e627f-3e2d-11f1-8b07-eeee0a9d4f34.employee-crud-app-srv#flowable-async-job-executor-thread-1936#
[PollStartAppStatusExecution] b67f0dba-b613-487d-b214-07e2f7c68b9d [2026-04-22T09:15:21.901434] Creating revision for app with guid b67f0dba-b613-487d-b214-07e2f7c68b9d (STDOUT, API)#
#2026 04 22 09:30:44.798#Z#DEBUG#cf9e627f-3e2d-11f1-8b07-eeee0a9d4f34.employee-crud-app-srv#flowable-async-job-executor-thread-1936#
[PollStartAppStatusExecution] b67f0dba-b613-487d-b214-07e2f7c68b9d [2026-04-22T09:15:21.938307] Starting app with guid b67f0dba-b613-487d-b214-07e2f7c68b9d (STDOUT, API)#
#2026 04 22 09:30:44.798#Z#DEBUG#cf9e627f-3e2d-11f1-8b07-eeee0a9d4f34.employee-crud-app-srv#flowable-async-job-executor-thread-1936#
[PollStartAppStatusExecution] b67f0dba-b613-487d-b214-07e2f7c68b9d [2026-04-22T09:15:22.183839] Cell 3697da87-6170-41a4-acb7-9186f1527dfa creating container for instance 3418ca74-508d-4599-79ba-e673 (STDOUT, CELL)#
#2026 04 22 09:30:44.798#Z#DEBUG#cf9e627f-3e2d-11f1-8b07-eeee0a9d4f34.employee-crud-app-srv#flowable-async-job-executor-thread-1936#
[PollStartAppStatusExecution] b67f0dba-b613-487d-b214-07e2f7c68b9d [2026-04-22T09:15:22.863731] Security group rules were updated (STDOUT, CELL)#
#2026 04 22 09:30:44.798#Z#DEBUG#cf9e627f-3e2d-11f1-8b07-eeee0a9d4f34.employee-crud-app-srv#flowable-async-job-executor-thread-1936#
[PollStartAppStatusExecution] b67f0dba-b613-487d-b214-07e2f7c68b9d [2026-04-22T09:15:22.960737] Cell 3697da87-6170-41a4-acb7-9186f1527dfa successfully created container for instance 3418ca74-508d-4599-79ba-e673 (STDOUT, CELL)#
#2026 04 22 09:30:44.798#Z#DEBUG#cf9e627f-3e2d-11f1-8b07-eeee0a9d4f34.employee-crud-app-srv#flowable-async-job-executor-thread-1936#
[PollStartAppStatusExecution] b67f0dba-b613-487d-b214-07e2f7c68b9d [2026-04-22T09:15:23.999788] Downloading droplet... (STDOUT, CELL)#
#2026 04 22 09:30:44.798#Z#DEBUG#cf9e627f-3e2d-11f1-8b07-eeee0a9d4f34.employee-crud-app-srv#flowable-async-job-executor-thread-1936#
[PollStartAppStatusExecution] b67f0dba-b613-487d-b214-07e2f7c68b9d [2026-04-22T09:15:29.628883] Downloaded droplet (65.4M) (STDOUT, CELL)#
#2026 04 22 09:30:44.798#Z#DEBUG#cf9e627f-3e2d-11f1-8b07-eeee0a9d4f34.employee-crud-app-srv#flowable-async-job-executor-thread-1936#
[PollStartAppStatusExecution] b67f0dba-b613-487d-b214-07e2f7c68b9d [2026-04-22T09:15:29.629008] Starting health monitoring of container (STDOUT, CELL)#
#2026 04 22 09:30:44.798#Z#DEBUG#cf9e627f-3e2d-11f1-8b07-eeee0a9d4f34.employee-crud-app-srv#flowable-async-job-executor-thread-1936#
[PollStartAppStatusExecution] b67f0dba-b613-487d-b214-07e2f7c68b9d [2026-04-22T09:15:29.733656] Invoking pre-start scripts. (STDOUT, APP/PROC/WEB)#
#2026 04 22 09:30:44.798#Z#DEBUG#cf9e627f-3e2d-11f1-8b07-eeee0a9d4f34.employee-crud-app-srv#flowable-async-job-executor-thread-1936#
[PollStartAppStatusExecution] b67f0dba-b613-487d-b214-07e2f7c68b9d [2026-04-22T09:15:29.956382] Invoking start command. (STDOUT, APP/PROC/WEB)#
#2026 04 22 09:30:44.798#Z#DEBUG#cf9e627f-3e2d-11f1-8b07-eeee0a9d4f34.employee-crud-app-srv#flowable-async-job-executor-thread-1936#
[PollStartAppStatusExecution] b67f0dba-b613-487d-b214-07e2f7c68b9d [2026-04-22T09:15:30.413429] > employee-crud-app@1.0.0 start (STDOUT, APP/PROC/WEB)#
#2026 04 22 09:30:44.798#Z#DEBUG#cf9e627f-3e2d-11f1-8b07-eeee0a9d4f34.employee-crud-app-srv#flowable-async-job-executor-thread-1936#
[PollStartAppStatusExecution] b67f0dba-b613-487d-b214-07e2f7c68b9d [2026-04-22T09:15:30.413450] > cds-serve (STDOUT, APP/PROC/WEB)#
#2026 04 22 09:30:44.798#Z#DEBUG#cf9e627f-3e2d-11f1-8b07-eeee0a9d4f34.employee-crud-app-srv#flowable-async-job-executor-thread-1936#
[PollStartAppStatusExecution] b67f0dba-b613-487d-b214-07e2f7c68b9d [2026-04-22T09:15:30.735166] {"level":"info","logger":"cds","timestamp":"2026-04-22T09:15:30.733Z","layer":"cds","component_type":"application","container_id":"10.32.2.7","component_id":"b67f0dba-b613-487d-b214-07e2f7c68b9d","component_name":"employee-crud-app-srv","component_instance":0,"source_instance":0,"organization_name":"5ecb06ebtrial","organization_id":"e444f632-e1ff-4126-b0da-33379a6e660a","space_name":"dev","space_id":"f29a93b7-c1d0-4a53-a868-61c36f8b7f80","msg":"loaded model from 1 file(s):\n ","type":"log"} (STDOUT, APP/PROC/WEB)#
#2026 04 22 09:30:44.798#Z#DEBUG#cf9e627f-3e2d-11f1-8b07-eeee0a9d4f34.employee-crud-app-srv#flowable-async-job-executor-thread-1936#
[PollStartAppStatusExecution] b67f0dba-b613-487d-b214-07e2f7c68b9d [2026-04-22T09:15:30.735712] srv/csn.json (STDOUT, APP/PROC/WEB)#
#2026 04 22 09:30:44.798#Z#DEBUG#cf9e627f-3e2d-11f1-8b07-eeee0a9d4f34.employee-crud-app-srv#flowable-async-job-executor-thread-1936#
[PollStartAppStatusExecution] b67f0dba-b613-487d-b214-07e2f7c68b9d [2026-04-22T09:15:31.036739] {"level":"info","logger":"cds","timestamp":"2026-04-22T09:15:31.035Z","layer":"cds","component_type":"application","container_id":"10.32.2.7","component_id":"b67f0dba-b613-487d-b214-07e2f7c68b9d","component_name":"employee-crud-app-srv","component_instance":0,"source_instance":0,"organization_name":"5ecb06ebtrial","organization_id":"e444f632-e1ff-4126-b0da-33379a6e660a","space_name":"dev","space_id":"f29a93b7-c1d0-4a53-a868-61c36f8b7f80","msg":"connect to db > hana {\n  database_id: 'b172bf9b-f070-4a5d-9f1e-50f68513378d',\n  host: 'b172bf9b-f070-4a5d-9f1e-50f68513378d.hana.prod-ap21.hanacloud.ondemand.com',\n  port: '443',\n  driver: 'com.sap.db.jdbc.Driver',\n  url: 'jdbc:sap://b172bf9b-f070-4a5d-9f1e-50f68513378d.hana.prod-ap21.hanacloud.ondemand.com:443?encrypt=true&validateCertificate=true&currentschema=74EA3EE61CF945DC8824F8174D8A4D75',\n  schema: '74EA3EE61CF945DC8824F8174D8A4D75',\n  certificate: '...',\n  hdi_user: '74EA3EE61CF945DC8824F8174D8A4D75_DJ1X5L25US8M7G3U7YZDP1CCA_DT',\n  hdi_password: '...',\n  user: '74EA3EE61CF945DC8824F8174D8A4D75_DJ1X5L25US8M7G3U7YZDP1CCA_RT',\n  password: '...'\n}","type":"log"} (STDOUT, APP/PROC/WEB)#
#2026 04 22 09:30:44.798#Z#DEBUG#cf9e627f-3e2d-11f1-8b07-eeee0a9d4f34.employee-crud-app-srv#flowable-async-job-executor-thread-1936#
[PollStartAppStatusExecution] b67f0dba-b613-487d-b214-07e2f7c68b9d [2026-04-22T09:15:31.167735] {"level":"info","logger":"cds","timestamp":"2026-04-22T09:15:31.167Z","layer":"cds","component_type":"application","container_id":"10.32.2.7","component_id":"b67f0dba-b613-487d-b214-07e2f7c68b9d","component_name":"employee-crud-app-srv","component_instance":0,"source_instance":0,"organization_name":"5ecb06ebtrial","organization_id":"e444f632-e1ff-4126-b0da-33379a6e660a","space_name":"dev","space_id":"f29a93b7-c1d0-4a53-a868-61c36f8b7f80","msg":"connect to northwind > odata { url: 'https://services.odata.org/v4/northwind/northwind.svc/' }","type":"log"} (STDOUT, APP/PROC/WEB)#
#2026 04 22 09:30:44.798#Z#DEBUG#cf9e627f-3e2d-11f1-8b07-eeee0a9d4f34.employee-crud-app-srv#flowable-async-job-executor-thread-1936#
[PollStartAppStatusExecution] b67f0dba-b613-487d-b214-07e2f7c68b9d [2026-04-22T09:15:31.194818] {"level":"info","logger":"cds","timestamp":"2026-04-22T09:15:31.194Z","layer":"cds","component_type":"application","container_id":"10.32.2.7","component_id":"b67f0dba-b613-487d-b214-07e2f7c68b9d","component_name":"employee-crud-app-srv","component_instance":0,"source_instance":0,"organization_name":"5ecb06ebtrial","organization_id":"e444f632-e1ff-4126-b0da-33379a6e660a","space_name":"dev","space_id":"f29a93b7-c1d0-4a53-a868-61c36f8b7f80","msg":"using auth strategy { kind: 'jwt' }","type":"log"} (STDOUT, APP/PROC/WEB)#
#2026 04 22 09:30:44.798#Z#DEBUG#cf9e627f-3e2d-11f1-8b07-eeee0a9d4f34.employee-crud-app-srv#flowable-async-job-executor-thread-1936#
[PollStartAppStatusExecution] b67f0dba-b613-487d-b214-07e2f7c68b9d [2026-04-22T09:15:31.264626] {"level":"info","logger":"cds","timestamp":"2026-04-22T09:15:31.264Z","layer":"cds","component_type":"application","container_id":"10.32.2.7","component_id":"b67f0dba-b613-487d-b214-07e2f7c68b9d","component_name":"employee-crud-app-srv","component_instance":0,"source_instance":0,"organization_name":"5ecb06ebtrial","organization_id":"e444f632-e1ff-4126-b0da-33379a6e660a","space_name":"dev","space_id":"f29a93b7-c1d0-4a53-a868-61c36f8b7f80","msg":"serving EmployeeService {\n  at: [ '/odata/v4/employee' ],\n  decl: 'srv/csn.json:94',\n  impl: 'srv/employee-service.js'\n}","type":"log"} (STDOUT, APP/PROC/WEB)#
#2026 04 22 09:30:44.798#Z#DEBUG#cf9e627f-3e2d-11f1-8b07-eeee0a9d4f34.employee-crud-app-srv#flowable-async-job-executor-thread-1936#
[PollStartAppStatusExecution] b67f0dba-b613-487d-b214-07e2f7c68b9d [2026-04-22T09:15:31.276495] {"level":"info","logger":"cds","timestamp":"2026-04-22T09:15:31.276Z","layer":"cds","component_type":"application","container_id":"10.32.2.7","component_id":"b67f0dba-b613-487d-b214-07e2f7c68b9d","component_name":"employee-crud-app-srv","component_instance":0,"source_instance":0,"organization_name":"5ecb06ebtrial","organization_id":"e444f632-e1ff-4126-b0da-33379a6e660a","space_name":"dev","space_id":"f29a93b7-c1d0-4a53-a868-61c36f8b7f80","msg":"server listening on { url: 'http://localhost:8080' }","type":"log"} (STDOUT, APP/PROC/WEB)#
#2026 04 22 09:30:44.798#Z#DEBUG#cf9e627f-3e2d-11f1-8b07-eeee0a9d4f34.employee-crud-app-srv#flowable-async-job-executor-thread-1936#
[PollStartAppStatusExecution] b67f0dba-b613-487d-b214-07e2f7c68b9d [2026-04-22T09:15:31.276768] {"level":"info","logger":"cds","timestamp":"2026-04-22T09:15:31.276Z","layer":"cds","component_type":"application","container_id":"10.32.2.7","component_id":"b67f0dba-b613-487d-b214-07e2f7c68b9d","component_name":"employee-crud-app-srv","component_instance":0,"source_instance":0,"organization_name":"5ecb06ebtrial","organization_id":"e444f632-e1ff-4126-b0da-33379a6e660a","space_name":"dev","space_id":"f29a93b7-c1d0-4a53-a868-61c36f8b7f80","msg":"server v9.8.5 launched in 852 ms","type":"log"} (STDOUT, APP/PROC/WEB)#
#2026 04 22 09:30:44.798#Z#DEBUG#cf9e627f-3e2d-11f1-8b07-eeee0a9d4f34.employee-crud-app-srv#flowable-async-job-executor-thread-1936#
[PollStartAppStatusExecution] b67f0dba-b613-487d-b214-07e2f7c68b9d [2026-04-22T09:15:32.774192] Container became healthy (STDOUT, CELL)#
#2026 04 22 09:30:44.798#Z#DEBUG#cf9e627f-3e2d-11f1-8b07-eeee0a9d4f34.employee-crud-app-srv#flowable-async-job-executor-thread-1936#
[PollStartAppStatusExecution] b67f0dba-b613-487d-b214-07e2f7c68b9d [2026-04-22T09:15:32.809780] Process became ready with guid b67f0dba-b613-487d-b214-07e2f7c68b9d payload: {"instance"=>"3418ca74-508d-4599-79ba-e673", "index"=>0, "cell_id"=>"3697da87-6170-41a4-acb7-9186f1527dfa", "ready"=>true, "version"=>"1b87b483-746d-4995-8f89-d3bc5e3dc225"} (STDOUT, API)#
#2026 04 22 09:30:44.798#Z#DEBUG#cf9e627f-3e2d-11f1-8b07-eeee0a9d4f34.employee-crud-app-srv#flowable-async-job-executor-thread-1936#
[PollStartAppStatusExecution] b67f0dba-b613-487d-b214-07e2f7c68b9d [2026-04-22T09:30:06.351100] Updated app with guid b67f0dba-b613-487d-b214-07e2f7c68b9d ({"lifecycle"=>{"data"=>{"buildpacks"=>["nodejs_buildpack"]}, "type"=>"buildpack"}}) (STDOUT, API)#
#2026 04 22 09:30:44.798#Z#DEBUG#cf9e627f-3e2d-11f1-8b07-eeee0a9d4f34.employee-crud-app-srv#flowable-async-job-executor-thread-1936#
[PollStartAppStatusExecution] b67f0dba-b613-487d-b214-07e2f7c68b9d [2026-04-22T09:30:06.470515] Updating process: "web" (STDOUT, API)#
#2026 04 22 09:30:44.798#Z#DEBUG#cf9e627f-3e2d-11f1-8b07-eeee0a9d4f34.employee-crud-app-srv#flowable-async-job-executor-thread-1936#
[PollStartAppStatusExecution] b67f0dba-b613-487d-b214-07e2f7c68b9d [2026-04-22T09:30:36.620878] Stopping app with guid b67f0dba-b613-487d-b214-07e2f7c68b9d (STDOUT, API)#
#2026 04 22 09:30:44.799#Z#DEBUG#cf9e627f-3e2d-11f1-8b07-eeee0a9d4f34.employee-crud-app-srv#flowable-async-job-executor-thread-1936#
[PollStartAppStatusExecution] b67f0dba-b613-487d-b214-07e2f7c68b9d [2026-04-22T09:30:36.684490] Cell 3697da87-6170-41a4-acb7-9186f1527dfa stopping instance 3418ca74-508d-4599-79ba-e673 (STDOUT, CELL)#
#2026 04 22 09:30:44.799#Z#DEBUG#cf9e627f-3e2d-11f1-8b07-eeee0a9d4f34.employee-crud-app-srv#flowable-async-job-executor-thread-1936#
[PollStartAppStatusExecution] b67f0dba-b613-487d-b214-07e2f7c68b9d [2026-04-22T09:30:37.064575] Starting app with guid b67f0dba-b613-487d-b214-07e2f7c68b9d (STDOUT, API)#
#2026 04 22 09:30:44.799#Z#DEBUG#cf9e627f-3e2d-11f1-8b07-eeee0a9d4f34.employee-crud-app-srv#flowable-async-job-executor-thread-1936#
[PollStartAppStatusExecution] b67f0dba-b613-487d-b214-07e2f7c68b9d [2026-04-22T09:30:37.308154] Cell 1ea14514-f0fe-461c-9aa9-a53bbe093b00 creating container for instance e21d8372-fd0a-4823-7392-f867 (STDOUT, CELL)#
#2026 04 22 09:30:44.799#Z#DEBUG#cf9e627f-3e2d-11f1-8b07-eeee0a9d4f34.employee-crud-app-srv#flowable-async-job-executor-thread-1936#
[PollStartAppStatusExecution] b67f0dba-b613-487d-b214-07e2f7c68b9d [2026-04-22T09:30:38.157271] Security group rules were updated (STDOUT, CELL)#
#2026 04 22 09:30:44.799#Z#DEBUG#cf9e627f-3e2d-11f1-8b07-eeee0a9d4f34.employee-crud-app-srv#flowable-async-job-executor-thread-1936#
[PollStartAppStatusExecution] b67f0dba-b613-487d-b214-07e2f7c68b9d [2026-04-22T09:30:38.258651] Cell 1ea14514-f0fe-461c-9aa9-a53bbe093b00 successfully created container for instance e21d8372-fd0a-4823-7392-f867 (STDOUT, CELL)#
#2026 04 22 09:30:44.799#Z#DEBUG#cf9e627f-3e2d-11f1-8b07-eeee0a9d4f34.employee-crud-app-srv#flowable-async-job-executor-thread-1936#
[PollStartAppStatusExecution] b67f0dba-b613-487d-b214-07e2f7c68b9d [2026-04-22T09:30:38.903116] Downloading droplet... (STDOUT, CELL)#
#2026 04 22 09:30:54.798#Z#DEBUG#cf9e627f-3e2d-11f1-8b07-eeee0a9d4f34.employee-crud-app-srv#flowable-async-job-executor-thread-1947#
[PollStartAppStatusExecution] b67f0dba-b613-487d-b214-07e2f7c68b9d [2026-04-22T09:30:45.490697] Downloaded droplet (65.4M) (STDOUT, CELL)#
#2026 04 22 09:30:54.798#Z#DEBUG#cf9e627f-3e2d-11f1-8b07-eeee0a9d4f34.employee-crud-app-srv#flowable-async-job-executor-thread-1947#
[PollStartAppStatusExecution] b67f0dba-b613-487d-b214-07e2f7c68b9d [2026-04-22T09:30:45.490913] Starting health monitoring of container (STDOUT, CELL)#
#2026 04 22 09:30:54.798#Z#DEBUG#cf9e627f-3e2d-11f1-8b07-eeee0a9d4f34.employee-crud-app-srv#flowable-async-job-executor-thread-1947#
[PollStartAppStatusExecution] b67f0dba-b613-487d-b214-07e2f7c68b9d [2026-04-22T09:30:45.620732] Invoking pre-start scripts. (STDOUT, APP/PROC/WEB)#
#2026 04 22 09:30:54.798#Z#DEBUG#cf9e627f-3e2d-11f1-8b07-eeee0a9d4f34.employee-crud-app-srv#flowable-async-job-executor-thread-1947#
[PollStartAppStatusExecution] b67f0dba-b613-487d-b214-07e2f7c68b9d [2026-04-22T09:30:45.890371] Invoking start command. (STDOUT, APP/PROC/WEB)#
#2026 04 22 09:30:54.798#Z#DEBUG#cf9e627f-3e2d-11f1-8b07-eeee0a9d4f34.employee-crud-app-srv#flowable-async-job-executor-thread-1947#
[PollStartAppStatusExecution] b67f0dba-b613-487d-b214-07e2f7c68b9d [2026-04-22T09:30:46.418728] > employee-crud-app@1.0.0 start (STDOUT, APP/PROC/WEB)#
#2026 04 22 09:30:54.798#Z#DEBUG#cf9e627f-3e2d-11f1-8b07-eeee0a9d4f34.employee-crud-app-srv#flowable-async-job-executor-thread-1947#
[PollStartAppStatusExecution] b67f0dba-b613-487d-b214-07e2f7c68b9d [2026-04-22T09:30:46.418768] > cds-serve (STDOUT, APP/PROC/WEB)#
#2026 04 22 09:30:54.798#Z#DEBUG#cf9e627f-3e2d-11f1-8b07-eeee0a9d4f34.employee-crud-app-srv#flowable-async-job-executor-thread-1947#
[PollStartAppStatusExecution] b67f0dba-b613-487d-b214-07e2f7c68b9d [2026-04-22T09:30:46.767031] {"level":"info","logger":"cds","timestamp":"2026-04-22T09:30:46.765Z","layer":"cds","component_type":"application","container_id":"10.32.1.5","component_id":"b67f0dba-b613-487d-b214-07e2f7c68b9d","component_name":"employee-crud-app-srv","component_instance":0,"source_instance":0,"organization_name":"5ecb06ebtrial","organization_id":"e444f632-e1ff-4126-b0da-33379a6e660a","space_name":"dev","space_id":"f29a93b7-c1d0-4a53-a868-61c36f8b7f80","msg":"loaded model from 1 file(s):\n ","type":"log"} (STDOUT, APP/PROC/WEB)#
#2026 04 22 09:30:54.798#Z#DEBUG#cf9e627f-3e2d-11f1-8b07-eeee0a9d4f34.employee-crud-app-srv#flowable-async-job-executor-thread-1947#
[PollStartAppStatusExecution] b67f0dba-b613-487d-b214-07e2f7c68b9d [2026-04-22T09:30:46.767440] srv/csn.json (STDOUT, APP/PROC/WEB)#
#2026 04 22 09:30:54.798#Z#DEBUG#cf9e627f-3e2d-11f1-8b07-eeee0a9d4f34.employee-crud-app-srv#flowable-async-job-executor-thread-1947#
[PollStartAppStatusExecution] b67f0dba-b613-487d-b214-07e2f7c68b9d [2026-04-22T09:30:47.039333] {"level":"info","logger":"cds","timestamp":"2026-04-22T09:30:47.038Z","layer":"cds","component_type":"application","container_id":"10.32.1.5","component_id":"b67f0dba-b613-487d-b214-07e2f7c68b9d","component_name":"employee-crud-app-srv","component_instance":0,"source_instance":0,"organization_name":"5ecb06ebtrial","organization_id":"e444f632-e1ff-4126-b0da-33379a6e660a","space_name":"dev","space_id":"f29a93b7-c1d0-4a53-a868-61c36f8b7f80","msg":"connect to db > hana {\n  database_id: 'b172bf9b-f070-4a5d-9f1e-50f68513378d',\n  host: 'b172bf9b-f070-4a5d-9f1e-50f68513378d.hana.prod-ap21.hanacloud.ondemand.com',\n  port: '443',\n  driver: 'com.sap.db.jdbc.Driver',\n  url: 'jdbc:sap://b172bf9b-f070-4a5d-9f1e-50f68513378d.hana.prod-ap21.hanacloud.ondemand.com:443?encrypt=true&validateCertificate=true&currentschema=74EA3EE61CF945DC8824F8174D8A4D75',\n  schema: '74EA3EE61CF945DC8824F8174D8A4D75',\n  certificate: '...',\n  hdi_user: '74EA3EE61CF945DC8824F8174D8A4D75_DJ1X5L25US8M7G3U7YZDP1CCA_DT',\n  hdi_password: '...',\n  user: '74EA3EE61CF945DC8824F8174D8A4D75_DJ1X5L25US8M7G3U7YZDP1CCA_RT',\n  password: '...'\n}","type":"log"} (STDOUT, APP/PROC/WEB)#
#2026 04 22 09:30:54.798#Z#DEBUG#cf9e627f-3e2d-11f1-8b07-eeee0a9d4f34.employee-crud-app-srv#flowable-async-job-executor-thread-1947#
[PollStartAppStatusExecution] b67f0dba-b613-487d-b214-07e2f7c68b9d [2026-04-22T09:30:47.173139] {"level":"info","logger":"cds","timestamp":"2026-04-22T09:30:47.172Z","layer":"cds","component_type":"application","container_id":"10.32.1.5","component_id":"b67f0dba-b613-487d-b214-07e2f7c68b9d","component_name":"employee-crud-app-srv","component_instance":0,"source_instance":0,"organization_name":"5ecb06ebtrial","organization_id":"e444f632-e1ff-4126-b0da-33379a6e660a","space_name":"dev","space_id":"f29a93b7-c1d0-4a53-a868-61c36f8b7f80","msg":"connect to northwind > odata { url: 'https://services.odata.org/v4/northwind/northwind.svc/' }","type":"log"} (STDOUT, APP/PROC/WEB)#
#2026 04 22 09:30:54.798#Z#DEBUG#cf9e627f-3e2d-11f1-8b07-eeee0a9d4f34.employee-crud-app-srv#flowable-async-job-executor-thread-1947#
[PollStartAppStatusExecution] b67f0dba-b613-487d-b214-07e2f7c68b9d [2026-04-22T09:30:47.206747] {"level":"info","logger":"cds","timestamp":"2026-04-22T09:30:47.206Z","layer":"cds","component_type":"application","container_id":"10.32.1.5","component_id":"b67f0dba-b613-487d-b214-07e2f7c68b9d","component_name":"employee-crud-app-srv","component_instance":0,"source_instance":0,"organization_name":"5ecb06ebtrial","organization_id":"e444f632-e1ff-4126-b0da-33379a6e660a","space_name":"dev","space_id":"f29a93b7-c1d0-4a53-a868-61c36f8b7f80","msg":"using auth strategy { kind: 'jwt' }","type":"log"} (STDOUT, APP/PROC/WEB)#
#2026 04 22 09:30:54.798#Z#DEBUG#cf9e627f-3e2d-11f1-8b07-eeee0a9d4f34.employee-crud-app-srv#flowable-async-job-executor-thread-1947#
[PollStartAppStatusExecution] b67f0dba-b613-487d-b214-07e2f7c68b9d [2026-04-22T09:30:47.267546] {"level":"info","logger":"cds","timestamp":"2026-04-22T09:30:47.267Z","layer":"cds","component_type":"application","container_id":"10.32.1.5","component_id":"b67f0dba-b613-487d-b214-07e2f7c68b9d","component_name":"employee-crud-app-srv","component_instance":0,"source_instance":0,"organization_name":"5ecb06ebtrial","organization_id":"e444f632-e1ff-4126-b0da-33379a6e660a","space_name":"dev","space_id":"f29a93b7-c1d0-4a53-a868-61c36f8b7f80","msg":"serving EmployeeService {\n  at: [ '/odata/v4/employee' ],\n  decl: 'srv/csn.json:94',\n  impl: 'srv/employee-service.js'\n}","type":"log"} (STDOUT, APP/PROC/WEB)#
#2026 04 22 09:30:54.798#Z#DEBUG#cf9e627f-3e2d-11f1-8b07-eeee0a9d4f34.employee-crud-app-srv#flowable-async-job-executor-thread-1947#
[PollStartAppStatusExecution] b67f0dba-b613-487d-b214-07e2f7c68b9d [2026-04-22T09:30:47.276226] {"level":"info","logger":"cds","timestamp":"2026-04-22T09:30:47.275Z","layer":"cds","component_type":"application","container_id":"10.32.1.5","component_id":"b67f0dba-b613-487d-b214-07e2f7c68b9d","component_name":"employee-crud-app-srv","component_instance":0,"source_instance":0,"organization_name":"5ecb06ebtrial","organization_id":"e444f632-e1ff-4126-b0da-33379a6e660a","space_name":"dev","space_id":"f29a93b7-c1d0-4a53-a868-61c36f8b7f80","msg":"server listening on { url: 'http://localhost:8080' }","type":"log"} (STDOUT, APP/PROC/WEB)#
#2026 04 22 09:30:54.798#Z#DEBUG#cf9e627f-3e2d-11f1-8b07-eeee0a9d4f34.employee-crud-app-srv#flowable-async-job-executor-thread-1947#
[PollStartAppStatusExecution] b67f0dba-b613-487d-b214-07e2f7c68b9d [2026-04-22T09:30:47.276448] {"level":"info","logger":"cds","timestamp":"2026-04-22T09:30:47.276Z","layer":"cds","component_type":"application","container_id":"10.32.1.5","component_id":"b67f0dba-b613-487d-b214-07e2f7c68b9d","component_name":"employee-crud-app-srv","component_instance":0,"source_instance":0,"organization_name":"5ecb06ebtrial","organization_id":"e444f632-e1ff-4126-b0da-33379a6e660a","space_name":"dev","space_id":"f29a93b7-c1d0-4a53-a868-61c36f8b7f80","msg":"server v9.8.5 launched in 844 ms","type":"log"} (STDOUT, APP/PROC/WEB)#
#2026 04 22 09:30:54.798#Z#DEBUG#cf9e627f-3e2d-11f1-8b07-eeee0a9d4f34.employee-crud-app-srv#flowable-async-job-executor-thread-1947#
[PollStartAppStatusExecution] b67f0dba-b613-487d-b214-07e2f7c68b9d [2026-04-22T09:30:49.444392] Container became healthy (STDOUT, CELL)#
#2026 04 22 09:30:54.798#Z#DEBUG#cf9e627f-3e2d-11f1-8b07-eeee0a9d4f34.employee-crud-app-srv#flowable-async-job-executor-thread-1947#
[PollStartAppStatusExecution] b67f0dba-b613-487d-b214-07e2f7c68b9d [2026-04-22T09:30:49.479656] Process became ready with guid b67f0dba-b613-487d-b214-07e2f7c68b9d payload: {"instance"=>"e21d8372-fd0a-4823-7392-f867", "index"=>0, "cell_id"=>"1ea14514-f0fe-461c-9aa9-a53bbe093b00", "ready"=>true, "version"=>"962bc862-915e-4230-ab4b-9ffb423077ab"} (STDOUT, API)#
