#2026 04 22 09:30:14.605#Z#DEBUG#cf9e627f-3e2d-11f1-8b07-eeee0a9d4f34.employee-crud-app-db-deployer#flowable-async-job-executor-thread-1902#
[PollExecuteTaskStatusExecution] 79486012-676b-404c-9c94-0f22c9a103ff [2026-04-22T09:13:41.183164] Added process: "web" (STDOUT, API)#
#2026 04 22 09:30:14.605#Z#DEBUG#cf9e627f-3e2d-11f1-8b07-eeee0a9d4f34.employee-crud-app-db-deployer#flowable-async-job-executor-thread-1902#
[PollExecuteTaskStatusExecution] 79486012-676b-404c-9c94-0f22c9a103ff [2026-04-22T09:13:41.191697] Created app with guid 79486012-676b-404c-9c94-0f22c9a103ff (STDOUT, API)#
#2026 04 22 09:30:14.605#Z#DEBUG#cf9e627f-3e2d-11f1-8b07-eeee0a9d4f34.employee-crud-app-db-deployer#flowable-async-job-executor-thread-1902#
[PollExecuteTaskStatusExecution] 79486012-676b-404c-9c94-0f22c9a103ff [2026-04-22T09:13:41.329713] Updating process: "web" (STDOUT, API)#
#2026 04 22 09:30:14.605#Z#DEBUG#cf9e627f-3e2d-11f1-8b07-eeee0a9d4f34.employee-crud-app-db-deployer#flowable-async-job-executor-thread-1902#
[PollExecuteTaskStatusExecution] 79486012-676b-404c-9c94-0f22c9a103ff [2026-04-22T09:13:41.410130] Scaling process: "web" (STDOUT, API)#
#2026 04 22 09:30:14.605#Z#DEBUG#cf9e627f-3e2d-11f1-8b07-eeee0a9d4f34.employee-crud-app-db-deployer#flowable-async-job-executor-thread-1902#
[PollExecuteTaskStatusExecution] 79486012-676b-404c-9c94-0f22c9a103ff [2026-04-22T09:14:00.642552] Uploading app package for app with guid 79486012-676b-404c-9c94-0f22c9a103ff (STDOUT, API)#
#2026 04 22 09:30:14.605#Z#DEBUG#cf9e627f-3e2d-11f1-8b07-eeee0a9d4f34.employee-crud-app-db-deployer#flowable-async-job-executor-thread-1902#
[PollExecuteTaskStatusExecution] 79486012-676b-404c-9c94-0f22c9a103ff [2026-04-22T09:14:00.889839] Updated app with guid 79486012-676b-404c-9c94-0f22c9a103ff ({"environment_variables"=>"[PRIVATE DATA HIDDEN]"}) (STDOUT, API)#
#2026 04 22 09:30:14.605#Z#DEBUG#cf9e627f-3e2d-11f1-8b07-eeee0a9d4f34.employee-crud-app-db-deployer#flowable-async-job-executor-thread-1902#
[PollExecuteTaskStatusExecution] 79486012-676b-404c-9c94-0f22c9a103ff [2026-04-22T09:14:11.812730] Creating build for app with guid 79486012-676b-404c-9c94-0f22c9a103ff (STDOUT, API)#
#2026 04 22 09:30:14.605#Z#DEBUG#cf9e627f-3e2d-11f1-8b07-eeee0a9d4f34.employee-crud-app-db-deployer#flowable-async-job-executor-thread-1902#
[PollExecuteTaskStatusExecution] 79486012-676b-404c-9c94-0f22c9a103ff [2026-04-22T09:14:12.137299] Downloading nodejs_buildpack... (STDOUT, STG)#
#2026 04 22 09:30:14.605#Z#DEBUG#cf9e627f-3e2d-11f1-8b07-eeee0a9d4f34.employee-crud-app-db-deployer#flowable-async-job-executor-thread-1902#
[PollExecuteTaskStatusExecution] 79486012-676b-404c-9c94-0f22c9a103ff [2026-04-22T09:14:12.166804] Downloaded nodejs_buildpack (STDOUT, STG)#
#2026 04 22 09:30:14.605#Z#DEBUG#cf9e627f-3e2d-11f1-8b07-eeee0a9d4f34.employee-crud-app-db-deployer#flowable-async-job-executor-thread-1902#
[PollExecuteTaskStatusExecution] 79486012-676b-404c-9c94-0f22c9a103ff [2026-04-22T09:14:12.166861] Cell 3697da87-6170-41a4-acb7-9186f1527dfa creating container for instance d5669df8-f0cd-4a50-aaed-548eccafb0b3 (STDOUT, STG)#
#2026 04 22 09:30:14.605#Z#DEBUG#cf9e627f-3e2d-11f1-8b07-eeee0a9d4f34.employee-crud-app-db-deployer#flowable-async-job-executor-thread-1902#
[PollExecuteTaskStatusExecution] 79486012-676b-404c-9c94-0f22c9a103ff [2026-04-22T09:14:13.047455] Security group rules were updated (STDOUT, STG)#
#2026 04 22 09:30:14.605#Z#DEBUG#cf9e627f-3e2d-11f1-8b07-eeee0a9d4f34.employee-crud-app-db-deployer#flowable-async-job-executor-thread-1902#
[PollExecuteTaskStatusExecution] 79486012-676b-404c-9c94-0f22c9a103ff [2026-04-22T09:14:13.141192] Cell 3697da87-6170-41a4-acb7-9186f1527dfa successfully created container for instance d5669df8-f0cd-4a50-aaed-548eccafb0b3 (STDOUT, STG)#
#2026 04 22 09:30:14.605#Z#DEBUG#cf9e627f-3e2d-11f1-8b07-eeee0a9d4f34.employee-crud-app-db-deployer#flowable-async-job-executor-thread-1902#
[PollExecuteTaskStatusExecution] 79486012-676b-404c-9c94-0f22c9a103ff [2026-04-22T09:14:13.428339] Downloading app package... (STDOUT, STG)#
#2026 04 22 09:30:14.605#Z#DEBUG#cf9e627f-3e2d-11f1-8b07-eeee0a9d4f34.employee-crud-app-db-deployer#flowable-async-job-executor-thread-1902#
[PollExecuteTaskStatusExecution] 79486012-676b-404c-9c94-0f22c9a103ff [2026-04-22T09:14:13.826014] Downloaded app package (2.3M) (STDOUT, STG)#
#2026 04 22 09:30:14.605#Z#DEBUG#cf9e627f-3e2d-11f1-8b07-eeee0a9d4f34.employee-crud-app-db-deployer#flowable-async-job-executor-thread-1902#
[PollExecuteTaskStatusExecution] 79486012-676b-404c-9c94-0f22c9a103ff [2026-04-22T09:14:13.942726] -----> Nodejs Buildpack version 1.8.44 (STDOUT, STG)#
#2026 04 22 09:30:14.605#Z#DEBUG#cf9e627f-3e2d-11f1-8b07-eeee0a9d4f34.employee-crud-app-db-deployer#flowable-async-job-executor-thread-1902#
[PollExecuteTaskStatusExecution] 79486012-676b-404c-9c94-0f22c9a103ff [2026-04-22T09:14:14.123801] -----> Bootstrapping python (STDOUT, STG)#
#2026 04 22 09:30:14.605#Z#DEBUG#cf9e627f-3e2d-11f1-8b07-eeee0a9d4f34.employee-crud-app-db-deployer#flowable-async-job-executor-thread-1902#
[PollExecuteTaskStatusExecution] 79486012-676b-404c-9c94-0f22c9a103ff [2026-04-22T09:14:14.123860] -----> Installing python 3.11.14 (STDOUT, STG)#
#2026 04 22 09:30:14.605#Z#DEBUG#cf9e627f-3e2d-11f1-8b07-eeee0a9d4f34.employee-crud-app-db-deployer#flowable-async-job-executor-thread-1902#
[PollExecuteTaskStatusExecution] 79486012-676b-404c-9c94-0f22c9a103ff [2026-04-22T09:14:14.124044] Copy [/tmp/buildpacks/ee597f2be8090397/dependencies/b5e0345ae0ae1932e7d56fffaa49a487/python_3.11.14_linux_x64_cflinuxfs4_66f53248.tgz] (STDOUT, STG)#
#2026 04 22 09:30:14.605#Z#DEBUG#cf9e627f-3e2d-11f1-8b07-eeee0a9d4f34.employee-crud-app-db-deployer#flowable-async-job-executor-thread-1902#
[PollExecuteTaskStatusExecution] 79486012-676b-404c-9c94-0f22c9a103ff [2026-04-22T09:14:19.061587] -----> Installing binaries (STDOUT, STG)#
#2026 04 22 09:30:14.605#Z#DEBUG#cf9e627f-3e2d-11f1-8b07-eeee0a9d4f34.employee-crud-app-db-deployer#flowable-async-job-executor-thread-1902#
[PollExecuteTaskStatusExecution] 79486012-676b-404c-9c94-0f22c9a103ff [2026-04-22T09:14:19.061800] engines.node (package.json): >=18 (STDOUT, STG)#
#2026 04 22 09:30:14.605#Z#DEBUG#cf9e627f-3e2d-11f1-8b07-eeee0a9d4f34.employee-crud-app-db-deployer#flowable-async-job-executor-thread-1902#
[PollExecuteTaskStatusExecution] 79486012-676b-404c-9c94-0f22c9a103ff [2026-04-22T09:14:19.061812] engines.npm (package.json): unspecified (use default) (STDOUT, STG)#
#2026 04 22 09:30:14.605#Z#DEBUG#cf9e627f-3e2d-11f1-8b07-eeee0a9d4f34.employee-crud-app-db-deployer#flowable-async-job-executor-thread-1902#
[PollExecuteTaskStatusExecution] 79486012-676b-404c-9c94-0f22c9a103ff [2026-04-22T09:14:19.061918] [31;1m**WARNING**[0m Dangerous semver range (>) in engines.node. See: http://docs.cloudfoundry.org/buildpacks/node/node-tips.html (STDOUT, STG)#
#2026 04 22 09:30:14.605#Z#DEBUG#cf9e627f-3e2d-11f1-8b07-eeee0a9d4f34.employee-crud-app-db-deployer#flowable-async-job-executor-thread-1902#
[PollExecuteTaskStatusExecution] 79486012-676b-404c-9c94-0f22c9a103ff [2026-04-22T09:14:19.062048] -----> Installing node 24.13.0 (STDOUT, STG)#
#2026 04 22 09:30:14.605#Z#DEBUG#cf9e627f-3e2d-11f1-8b07-eeee0a9d4f34.employee-crud-app-db-deployer#flowable-async-job-executor-thread-1902#
[PollExecuteTaskStatusExecution] 79486012-676b-404c-9c94-0f22c9a103ff [2026-04-22T09:14:19.062357] Copy [/tmp/buildpacks/ee597f2be8090397/dependencies/2f5692219fecc3eee6e6d507a6bfe7b9/node_24.13.0_linux_x64_cflinuxfs4_a816dee1.tgz] (STDOUT, STG)#
#2026 04 22 09:30:14.605#Z#DEBUG#cf9e627f-3e2d-11f1-8b07-eeee0a9d4f34.employee-crud-app-db-deployer#flowable-async-job-executor-thread-1902#
[PollExecuteTaskStatusExecution] 79486012-676b-404c-9c94-0f22c9a103ff [2026-04-22T09:14:21.958006] Using default npm version: 11.6.2 (STDOUT, STG)#
#2026 04 22 09:30:14.605#Z#DEBUG#cf9e627f-3e2d-11f1-8b07-eeee0a9d4f34.employee-crud-app-db-deployer#flowable-async-job-executor-thread-1902#
[PollExecuteTaskStatusExecution] 79486012-676b-404c-9c94-0f22c9a103ff [2026-04-22T09:14:21.958037] -----> Installing yarn 1.22.22 (STDOUT, STG)#
#2026 04 22 09:30:14.605#Z#DEBUG#cf9e627f-3e2d-11f1-8b07-eeee0a9d4f34.employee-crud-app-db-deployer#flowable-async-job-executor-thread-1902#
[PollExecuteTaskStatusExecution] 79486012-676b-404c-9c94-0f22c9a103ff [2026-04-22T09:14:21.958118] Copy [/tmp/buildpacks/ee597f2be8090397/dependencies/e3a39aedd1236924d69cc2d0637a8ed2/yarn_1.22.22_linux_noarch_any-stack_4911d0a6.tgz] (STDOUT, STG)#
#2026 04 22 09:30:14.605#Z#DEBUG#cf9e627f-3e2d-11f1-8b07-eeee0a9d4f34.employee-crud-app-db-deployer#flowable-async-job-executor-thread-1902#
[PollExecuteTaskStatusExecution] 79486012-676b-404c-9c94-0f22c9a103ff [2026-04-22T09:14:22.337854] Installed yarn 1.22.22 (STDOUT, STG)#
#2026 04 22 09:30:14.605#Z#DEBUG#cf9e627f-3e2d-11f1-8b07-eeee0a9d4f34.employee-crud-app-db-deployer#flowable-async-job-executor-thread-1902#
[PollExecuteTaskStatusExecution] 79486012-676b-404c-9c94-0f22c9a103ff [2026-04-22T09:14:22.337992] -----> Creating runtime environment (STDOUT, STG)#
#2026 04 22 09:30:14.605#Z#DEBUG#cf9e627f-3e2d-11f1-8b07-eeee0a9d4f34.employee-crud-app-db-deployer#flowable-async-job-executor-thread-1902#
[PollExecuteTaskStatusExecution] 79486012-676b-404c-9c94-0f22c9a103ff [2026-04-22T09:14:22.340799] NODE_ENV=production (STDOUT, STG)#
#2026 04 22 09:30:14.605#Z#DEBUG#cf9e627f-3e2d-11f1-8b07-eeee0a9d4f34.employee-crud-app-db-deployer#flowable-async-job-executor-thread-1902#
[PollExecuteTaskStatusExecution] 79486012-676b-404c-9c94-0f22c9a103ff [2026-04-22T09:14:22.340910] NODE_HOME=/tmp/contents3753548966/deps/0/node (STDOUT, STG)#
#2026 04 22 09:30:14.605#Z#DEBUG#cf9e627f-3e2d-11f1-8b07-eeee0a9d4f34.employee-crud-app-db-deployer#flowable-async-job-executor-thread-1902#
[PollExecuteTaskStatusExecution] 79486012-676b-404c-9c94-0f22c9a103ff [2026-04-22T09:14:22.341009] NODE_MODULES_CACHE=true (STDOUT, STG)#
#2026 04 22 09:30:14.605#Z#DEBUG#cf9e627f-3e2d-11f1-8b07-eeee0a9d4f34.employee-crud-app-db-deployer#flowable-async-job-executor-thread-1902#
[PollExecuteTaskStatusExecution] 79486012-676b-404c-9c94-0f22c9a103ff [2026-04-22T09:14:22.341108] NODE_VERBOSE=false (STDOUT, STG)#
#2026 04 22 09:30:14.605#Z#DEBUG#cf9e627f-3e2d-11f1-8b07-eeee0a9d4f34.employee-crud-app-db-deployer#flowable-async-job-executor-thread-1902#
[PollExecuteTaskStatusExecution] 79486012-676b-404c-9c94-0f22c9a103ff [2026-04-22T09:14:22.341214] NPM_CONFIG_LOGLEVEL=error (STDOUT, STG)#
#2026 04 22 09:30:14.605#Z#DEBUG#cf9e627f-3e2d-11f1-8b07-eeee0a9d4f34.employee-crud-app-db-deployer#flowable-async-job-executor-thread-1902#
[PollExecuteTaskStatusExecution] 79486012-676b-404c-9c94-0f22c9a103ff [2026-04-22T09:14:22.341325] NPM_CONFIG_PRODUCTION=true (STDOUT, STG)#
#2026 04 22 09:30:14.605#Z#DEBUG#cf9e627f-3e2d-11f1-8b07-eeee0a9d4f34.employee-crud-app-db-deployer#flowable-async-job-executor-thread-1902#
[PollExecuteTaskStatusExecution] 79486012-676b-404c-9c94-0f22c9a103ff [2026-04-22T09:14:22.341522] -----> Building dependencies (STDOUT, STG)#
#2026 04 22 09:30:14.605#Z#DEBUG#cf9e627f-3e2d-11f1-8b07-eeee0a9d4f34.employee-crud-app-db-deployer#flowable-async-job-executor-thread-1902#
[PollExecuteTaskStatusExecution] 79486012-676b-404c-9c94-0f22c9a103ff [2026-04-22T09:14:22.341631] Prebuild detected (node_modules already exists) (STDOUT, STG)#
#2026 04 22 09:30:14.605#Z#DEBUG#cf9e627f-3e2d-11f1-8b07-eeee0a9d4f34.employee-crud-app-db-deployer#flowable-async-job-executor-thread-1902#
[PollExecuteTaskStatusExecution] 79486012-676b-404c-9c94-0f22c9a103ff [2026-04-22T09:14:22.341789] Rebuilding any native modules (STDOUT, STG)#
#2026 04 22 09:30:14.605#Z#DEBUG#cf9e627f-3e2d-11f1-8b07-eeee0a9d4f34.employee-crud-app-db-deployer#flowable-async-job-executor-thread-1902#
[PollExecuteTaskStatusExecution] 79486012-676b-404c-9c94-0f22c9a103ff [2026-04-22T09:14:23.011490] rebuilt dependencies successfully (STDOUT, STG)#
#2026 04 22 09:30:14.605#Z#DEBUG#cf9e627f-3e2d-11f1-8b07-eeee0a9d4f34.employee-crud-app-db-deployer#flowable-async-job-executor-thread-1902#
[PollExecuteTaskStatusExecution] 79486012-676b-404c-9c94-0f22c9a103ff [2026-04-22T09:14:23.013655] npm notice (STDOUT, STG)#
#2026 04 22 09:30:14.605#Z#DEBUG#cf9e627f-3e2d-11f1-8b07-eeee0a9d4f34.employee-crud-app-db-deployer#flowable-async-job-executor-thread-1902#
[PollExecuteTaskStatusExecution] 79486012-676b-404c-9c94-0f22c9a103ff [2026-04-22T09:14:23.013667] npm notice New minor version of npm available! 11.6.2 -> 11.12.1 (STDOUT, STG)#
#2026 04 22 09:30:14.605#Z#DEBUG#cf9e627f-3e2d-11f1-8b07-eeee0a9d4f34.employee-crud-app-db-deployer#flowable-async-job-executor-thread-1902#
[PollExecuteTaskStatusExecution] 79486012-676b-404c-9c94-0f22c9a103ff [2026-04-22T09:14:23.013671] npm notice Changelog: https://github.com/npm/cli/releases/tag/v11.12.1 (STDOUT, STG)#
#2026 04 22 09:30:14.605#Z#DEBUG#cf9e627f-3e2d-11f1-8b07-eeee0a9d4f34.employee-crud-app-db-deployer#flowable-async-job-executor-thread-1902#
[PollExecuteTaskStatusExecution] 79486012-676b-404c-9c94-0f22c9a103ff [2026-04-22T09:14:23.013674] npm notice To update run: npm install -g npm@11.12.1 (STDOUT, STG)#
#2026 04 22 09:30:14.605#Z#DEBUG#cf9e627f-3e2d-11f1-8b07-eeee0a9d4f34.employee-crud-app-db-deployer#flowable-async-job-executor-thread-1902#
[PollExecuteTaskStatusExecution] 79486012-676b-404c-9c94-0f22c9a103ff [2026-04-22T09:14:23.013677] npm notice (STDOUT, STG)#
#2026 04 22 09:30:14.605#Z#DEBUG#cf9e627f-3e2d-11f1-8b07-eeee0a9d4f34.employee-crud-app-db-deployer#flowable-async-job-executor-thread-1902#
[PollExecuteTaskStatusExecution] 79486012-676b-404c-9c94-0f22c9a103ff [2026-04-22T09:14:23.086879] Installing any new modules (package.json + package-lock.json) (STDOUT, STG)#
#2026 04 22 09:30:14.605#Z#DEBUG#cf9e627f-3e2d-11f1-8b07-eeee0a9d4f34.employee-crud-app-db-deployer#flowable-async-job-executor-thread-1902#
[PollExecuteTaskStatusExecution] 79486012-676b-404c-9c94-0f22c9a103ff [2026-04-22T09:14:23.568504] up to date in 392ms (STDOUT, STG)#
#2026 04 22 09:30:14.605#Z#DEBUG#cf9e627f-3e2d-11f1-8b07-eeee0a9d4f34.employee-crud-app-db-deployer#flowable-async-job-executor-thread-1902#
[PollExecuteTaskStatusExecution] 79486012-676b-404c-9c94-0f22c9a103ff [2026-04-22T09:14:23.569028] 4 packages are looking for funding (STDOUT, STG)#
#2026 04 22 09:30:14.605#Z#DEBUG#cf9e627f-3e2d-11f1-8b07-eeee0a9d4f34.employee-crud-app-db-deployer#flowable-async-job-executor-thread-1902#
[PollExecuteTaskStatusExecution] 79486012-676b-404c-9c94-0f22c9a103ff [2026-04-22T09:14:23.569263] run `npm fund` for details (STDOUT, STG)#
#2026 04 22 09:30:14.605#Z#DEBUG#cf9e627f-3e2d-11f1-8b07-eeee0a9d4f34.employee-crud-app-db-deployer#flowable-async-job-executor-thread-1902#
[PollExecuteTaskStatusExecution] 79486012-676b-404c-9c94-0f22c9a103ff [2026-04-22T09:14:24.261311] Contrast Security no credentials found. Will not write environment files. (STDOUT, STG)#
#2026 04 22 09:30:14.605#Z#DEBUG#cf9e627f-3e2d-11f1-8b07-eeee0a9d4f34.employee-crud-app-db-deployer#flowable-async-job-executor-thread-1902#
[PollExecuteTaskStatusExecution] 79486012-676b-404c-9c94-0f22c9a103ff [2026-04-22T09:14:35.148695] Exit status 0 (STDOUT, STG)#
#2026 04 22 09:30:14.605#Z#DEBUG#cf9e627f-3e2d-11f1-8b07-eeee0a9d4f34.employee-crud-app-db-deployer#flowable-async-job-executor-thread-1902#
[PollExecuteTaskStatusExecution] 79486012-676b-404c-9c94-0f22c9a103ff [2026-04-22T09:14:35.148730] Uploading droplet, build artifacts cache... (STDOUT, STG)#
#2026 04 22 09:30:14.605#Z#DEBUG#cf9e627f-3e2d-11f1-8b07-eeee0a9d4f34.employee-crud-app-db-deployer#flowable-async-job-executor-thread-1902#
[PollExecuteTaskStatusExecution] 79486012-676b-404c-9c94-0f22c9a103ff [2026-04-22T09:14:35.148763] Uploading droplet... (STDOUT, STG)#
#2026 04 22 09:30:14.605#Z#DEBUG#cf9e627f-3e2d-11f1-8b07-eeee0a9d4f34.employee-crud-app-db-deployer#flowable-async-job-executor-thread-1902#
[PollExecuteTaskStatusExecution] 79486012-676b-404c-9c94-0f22c9a103ff [2026-04-22T09:14:35.148821] Uploading build artifacts cache... (STDOUT, STG)#
#2026 04 22 09:30:14.605#Z#DEBUG#cf9e627f-3e2d-11f1-8b07-eeee0a9d4f34.employee-crud-app-db-deployer#flowable-async-job-executor-thread-1902#
[PollExecuteTaskStatusExecution] 79486012-676b-404c-9c94-0f22c9a103ff [2026-04-22T09:14:35.173667] Uploaded build artifacts cache (216B) (STDOUT, STG)#
#2026 04 22 09:30:14.605#Z#DEBUG#cf9e627f-3e2d-11f1-8b07-eeee0a9d4f34.employee-crud-app-db-deployer#flowable-async-job-executor-thread-1902#
[PollExecuteTaskStatusExecution] 79486012-676b-404c-9c94-0f22c9a103ff [2026-04-22T09:14:35.888987] Creating droplet for app with guid 79486012-676b-404c-9c94-0f22c9a103ff (STDOUT, API)#
#2026 04 22 09:30:14.605#Z#DEBUG#cf9e627f-3e2d-11f1-8b07-eeee0a9d4f34.employee-crud-app-db-deployer#flowable-async-job-executor-thread-1902#
[PollExecuteTaskStatusExecution] 79486012-676b-404c-9c94-0f22c9a103ff [2026-04-22T09:14:38.968422] Uploaded droplet (58.4M) (STDOUT, STG)#
#2026 04 22 09:30:14.605#Z#DEBUG#cf9e627f-3e2d-11f1-8b07-eeee0a9d4f34.employee-crud-app-db-deployer#flowable-async-job-executor-thread-1902#
[PollExecuteTaskStatusExecution] 79486012-676b-404c-9c94-0f22c9a103ff [2026-04-22T09:14:38.988770] Uploading complete (STDOUT, STG)#
#2026 04 22 09:30:14.605#Z#DEBUG#cf9e627f-3e2d-11f1-8b07-eeee0a9d4f34.employee-crud-app-db-deployer#flowable-async-job-executor-thread-1902#
[PollExecuteTaskStatusExecution] 79486012-676b-404c-9c94-0f22c9a103ff [2026-04-22T09:14:39.563423] Cell 3697da87-6170-41a4-acb7-9186f1527dfa stopping instance d5669df8-f0cd-4a50-aaed-548eccafb0b3 (STDOUT, STG)#
#2026 04 22 09:30:14.605#Z#DEBUG#cf9e627f-3e2d-11f1-8b07-eeee0a9d4f34.employee-crud-app-db-deployer#flowable-async-job-executor-thread-1902#
[PollExecuteTaskStatusExecution] 79486012-676b-404c-9c94-0f22c9a103ff [2026-04-22T09:14:39.563444] Cell 3697da87-6170-41a4-acb7-9186f1527dfa destroying container for instance d5669df8-f0cd-4a50-aaed-548eccafb0b3 (STDOUT, STG)#
#2026 04 22 09:30:14.605#Z#DEBUG#cf9e627f-3e2d-11f1-8b07-eeee0a9d4f34.employee-crud-app-db-deployer#flowable-async-job-executor-thread-1902#
[PollExecuteTaskStatusExecution] 79486012-676b-404c-9c94-0f22c9a103ff [2026-04-22T09:14:39.634147] Staging complete for build d5669df8-f0cd-4a50-aaed-548eccafb0b3 (STDOUT, API)#
#2026 04 22 09:30:14.605#Z#DEBUG#cf9e627f-3e2d-11f1-8b07-eeee0a9d4f34.employee-crud-app-db-deployer#flowable-async-job-executor-thread-1902#
[PollExecuteTaskStatusExecution] 79486012-676b-404c-9c94-0f22c9a103ff [2026-04-22T09:14:41.202505] Updated app with guid 79486012-676b-404c-9c94-0f22c9a103ff ({:droplet_guid=>"042ac7dd-d824-4d88-8a8e-0c8b873bff1a"}) (STDOUT, API)#
#2026 04 22 09:30:14.605#Z#DEBUG#cf9e627f-3e2d-11f1-8b07-eeee0a9d4f34.employee-crud-app-db-deployer#flowable-async-job-executor-thread-1902#
[PollExecuteTaskStatusExecution] 79486012-676b-404c-9c94-0f22c9a103ff [2026-04-22T09:14:41.784871] Cell 54b50d35-322b-4617-baa3-c13476b47cb5 creating container for instance df425f5a-90f7-409b-831d-03a5944075eb (STDOUT, CELL)#
#2026 04 22 09:30:14.605#Z#DEBUG#cf9e627f-3e2d-11f1-8b07-eeee0a9d4f34.employee-crud-app-db-deployer#flowable-async-job-executor-thread-1902#
[PollExecuteTaskStatusExecution] 79486012-676b-404c-9c94-0f22c9a103ff [2026-04-22T09:14:42.592211] Security group rules were updated (STDOUT, CELL)#
#2026 04 22 09:30:14.605#Z#DEBUG#cf9e627f-3e2d-11f1-8b07-eeee0a9d4f34.employee-crud-app-db-deployer#flowable-async-job-executor-thread-1902#
[PollExecuteTaskStatusExecution] 79486012-676b-404c-9c94-0f22c9a103ff [2026-04-22T09:14:42.840561] Cell 54b50d35-322b-4617-baa3-c13476b47cb5 successfully created container for instance df425f5a-90f7-409b-831d-03a5944075eb (STDOUT, CELL)#
#2026 04 22 09:30:14.605#Z#DEBUG#cf9e627f-3e2d-11f1-8b07-eeee0a9d4f34.employee-crud-app-db-deployer#flowable-async-job-executor-thread-1902#
[PollExecuteTaskStatusExecution] 79486012-676b-404c-9c94-0f22c9a103ff [2026-04-22T09:14:43.547392] Cell 3697da87-6170-41a4-acb7-9186f1527dfa successfully destroyed container for instance d5669df8-f0cd-4a50-aaed-548eccafb0b3 (STDOUT, STG)#
#2026 04 22 09:30:14.605#Z#DEBUG#cf9e627f-3e2d-11f1-8b07-eeee0a9d4f34.employee-crud-app-db-deployer#flowable-async-job-executor-thread-1902#
[PollExecuteTaskStatusExecution] 79486012-676b-404c-9c94-0f22c9a103ff [2026-04-22T09:14:48.283378] Invoking pre-start scripts. (STDOUT, APP/TASK/deploy)#
#2026 04 22 09:30:14.605#Z#DEBUG#cf9e627f-3e2d-11f1-8b07-eeee0a9d4f34.employee-crud-app-db-deployer#flowable-async-job-executor-thread-1902#
[PollExecuteTaskStatusExecution] 79486012-676b-404c-9c94-0f22c9a103ff [2026-04-22T09:14:48.552243] Invoking start command. (STDOUT, APP/TASK/deploy)#
#2026 04 22 09:30:14.605#Z#DEBUG#cf9e627f-3e2d-11f1-8b07-eeee0a9d4f34.employee-crud-app-db-deployer#flowable-async-job-executor-thread-1902#
[PollExecuteTaskStatusExecution] 79486012-676b-404c-9c94-0f22c9a103ff [2026-04-22T09:14:49.100035] > start (STDOUT, APP/TASK/deploy)#
#2026 04 22 09:30:14.605#Z#DEBUG#cf9e627f-3e2d-11f1-8b07-eeee0a9d4f34.employee-crud-app-db-deployer#flowable-async-job-executor-thread-1902#
[PollExecuteTaskStatusExecution] 79486012-676b-404c-9c94-0f22c9a103ff [2026-04-22T09:14:49.100074] > node node_modules/@sap/hdi-deploy/deploy.js --use-hdb --parameter com.sap.hana.di.table/try_fast_table_migration=true (STDOUT, APP/TASK/deploy)#
#2026 04 22 09:30:14.605#Z#DEBUG#cf9e627f-3e2d-11f1-8b07-eeee0a9d4f34.employee-crud-app-db-deployer#flowable-async-job-executor-thread-1902#
[PollExecuteTaskStatusExecution] 79486012-676b-404c-9c94-0f22c9a103ff [2026-04-22T09:14:49.275129] VCAP_SERVICES: (STDOUT, APP/TASK/deploy)#
#2026 04 22 09:30:14.605#Z#DEBUG#cf9e627f-3e2d-11f1-8b07-eeee0a9d4f34.employee-crud-app-db-deployer#flowable-async-job-executor-thread-1902#
[PollExecuteTaskStatusExecution] 79486012-676b-404c-9c94-0f22c9a103ff [2026-04-22T09:14:49.275405] { (STDOUT, APP/TASK/deploy)#
#2026 04 22 09:30:14.605#Z#DEBUG#cf9e627f-3e2d-11f1-8b07-eeee0a9d4f34.employee-crud-app-db-deployer#flowable-async-job-executor-thread-1902#
[PollExecuteTaskStatusExecution] 79486012-676b-404c-9c94-0f22c9a103ff [2026-04-22T09:14:49.275421] "hana": [ (STDOUT, APP/TASK/deploy)#
#2026 04 22 09:30:14.605#Z#DEBUG#cf9e627f-3e2d-11f1-8b07-eeee0a9d4f34.employee-crud-app-db-deployer#flowable-async-job-executor-thread-1902#
[PollExecuteTaskStatusExecution] 79486012-676b-404c-9c94-0f22c9a103ff [2026-04-22T09:14:49.275431] { (STDOUT, APP/TASK/deploy)#
#2026 04 22 09:30:14.605#Z#DEBUG#cf9e627f-3e2d-11f1-8b07-eeee0a9d4f34.employee-crud-app-db-deployer#flowable-async-job-executor-thread-1902#
[PollExecuteTaskStatusExecution] 79486012-676b-404c-9c94-0f22c9a103ff [2026-04-22T09:14:49.275435] "name": "employee-crud-app-db", (STDOUT, APP/TASK/deploy)#
#2026 04 22 09:30:14.605#Z#DEBUG#cf9e627f-3e2d-11f1-8b07-eeee0a9d4f34.employee-crud-app-db-deployer#flowable-async-job-executor-thread-1902#
[PollExecuteTaskStatusExecution] 79486012-676b-404c-9c94-0f22c9a103ff [2026-04-22T09:14:49.275440] "label": "hana", (STDOUT, APP/TASK/deploy)#
#2026 04 22 09:30:14.605#Z#DEBUG#cf9e627f-3e2d-11f1-8b07-eeee0a9d4f34.employee-crud-app-db-deployer#flowable-async-job-executor-thread-1902#
[PollExecuteTaskStatusExecution] 79486012-676b-404c-9c94-0f22c9a103ff [2026-04-22T09:14:49.275448] "plan": "hdi-shared", (STDOUT, APP/TASK/deploy)#
#2026 04 22 09:30:14.605#Z#DEBUG#cf9e627f-3e2d-11f1-8b07-eeee0a9d4f34.employee-crud-app-db-deployer#flowable-async-job-executor-thread-1902#
[PollExecuteTaskStatusExecution] 79486012-676b-404c-9c94-0f22c9a103ff [2026-04-22T09:14:49.275451] "credentials": { (STDOUT, APP/TASK/deploy)#
#2026 04 22 09:30:14.605#Z#DEBUG#cf9e627f-3e2d-11f1-8b07-eeee0a9d4f34.employee-crud-app-db-deployer#flowable-async-job-executor-thread-1902#
[PollExecuteTaskStatusExecution] 79486012-676b-404c-9c94-0f22c9a103ff [2026-04-22T09:14:49.275455] "schema": "74EA3EE61CF945DC8824F8174D8A4D75", (STDOUT, APP/TASK/deploy)#
#2026 04 22 09:30:14.605#Z#DEBUG#cf9e627f-3e2d-11f1-8b07-eeee0a9d4f34.employee-crud-app-db-deployer#flowable-async-job-executor-thread-1902#
[PollExecuteTaskStatusExecution] 79486012-676b-404c-9c94-0f22c9a103ff [2026-04-22T09:14:49.275458] "database_id": "b172bf9b-f070-4a5d-9f1e-50f68513378d", (STDOUT, APP/TASK/deploy)#
#2026 04 22 09:30:14.605#Z#DEBUG#cf9e627f-3e2d-11f1-8b07-eeee0a9d4f34.employee-crud-app-db-deployer#flowable-async-job-executor-thread-1902#
[PollExecuteTaskStatusExecution] 79486012-676b-404c-9c94-0f22c9a103ff [2026-04-22T09:14:49.275462] "user": "74EA3EE61CF945DC8824F8174D8A4D75_9CMDDMB3W5OCVMSA1AXLTVFBD_RT", (STDOUT, APP/TASK/deploy)#
#2026 04 22 09:30:14.605#Z#DEBUG#cf9e627f-3e2d-11f1-8b07-eeee0a9d4f34.employee-crud-app-db-deployer#flowable-async-job-executor-thread-1902#
[PollExecuteTaskStatusExecution] 79486012-676b-404c-9c94-0f22c9a103ff [2026-04-22T09:14:49.275469] "hdi_user": "74EA3EE61CF945DC8824F8174D8A4D75_9CMDDMB3W5OCVMSA1AXLTVFBD_DT" (STDOUT, APP/TASK/deploy)#
#2026 04 22 09:30:14.605#Z#DEBUG#cf9e627f-3e2d-11f1-8b07-eeee0a9d4f34.employee-crud-app-db-deployer#flowable-async-job-executor-thread-1902#
[PollExecuteTaskStatusExecution] 79486012-676b-404c-9c94-0f22c9a103ff [2026-04-22T09:14:49.275472] }, (STDOUT, APP/TASK/deploy)#
#2026 04 22 09:30:14.605#Z#DEBUG#cf9e627f-3e2d-11f1-8b07-eeee0a9d4f34.employee-crud-app-db-deployer#flowable-async-job-executor-thread-1902#
[PollExecuteTaskStatusExecution] 79486012-676b-404c-9c94-0f22c9a103ff [2026-04-22T09:14:49.275475] "tags": [ (STDOUT, APP/TASK/deploy)#
#2026 04 22 09:30:14.605#Z#DEBUG#cf9e627f-3e2d-11f1-8b07-eeee0a9d4f34.employee-crud-app-db-deployer#flowable-async-job-executor-thread-1902#
[PollExecuteTaskStatusExecution] 79486012-676b-404c-9c94-0f22c9a103ff [2026-04-22T09:14:49.275478] "hana", (STDOUT, APP/TASK/deploy)#
#2026 04 22 09:30:14.605#Z#DEBUG#cf9e627f-3e2d-11f1-8b07-eeee0a9d4f34.employee-crud-app-db-deployer#flowable-async-job-executor-thread-1902#
[PollExecuteTaskStatusExecution] 79486012-676b-404c-9c94-0f22c9a103ff [2026-04-22T09:14:49.275483] "database", (STDOUT, APP/TASK/deploy)#
#2026 04 22 09:30:14.605#Z#DEBUG#cf9e627f-3e2d-11f1-8b07-eeee0a9d4f34.employee-crud-app-db-deployer#flowable-async-job-executor-thread-1902#
[PollExecuteTaskStatusExecution] 79486012-676b-404c-9c94-0f22c9a103ff [2026-04-22T09:14:49.275486] "relational" (STDOUT, APP/TASK/deploy)#
#2026 04 22 09:30:14.605#Z#DEBUG#cf9e627f-3e2d-11f1-8b07-eeee0a9d4f34.employee-crud-app-db-deployer#flowable-async-job-executor-thread-1902#
[PollExecuteTaskStatusExecution] 79486012-676b-404c-9c94-0f22c9a103ff [2026-04-22T09:14:49.275489] ] (STDOUT, APP/TASK/deploy)#
#2026 04 22 09:30:14.605#Z#DEBUG#cf9e627f-3e2d-11f1-8b07-eeee0a9d4f34.employee-crud-app-db-deployer#flowable-async-job-executor-thread-1902#
[PollExecuteTaskStatusExecution] 79486012-676b-404c-9c94-0f22c9a103ff [2026-04-22T09:14:49.275492] } (STDOUT, APP/TASK/deploy)#
#2026 04 22 09:30:14.605#Z#DEBUG#cf9e627f-3e2d-11f1-8b07-eeee0a9d4f34.employee-crud-app-db-deployer#flowable-async-job-executor-thread-1902#
[PollExecuteTaskStatusExecution] 79486012-676b-404c-9c94-0f22c9a103ff [2026-04-22T09:14:49.275495] ] (STDOUT, APP/TASK/deploy)#
#2026 04 22 09:30:14.605#Z#DEBUG#cf9e627f-3e2d-11f1-8b07-eeee0a9d4f34.employee-crud-app-db-deployer#flowable-async-job-executor-thread-1902#
[PollExecuteTaskStatusExecution] 79486012-676b-404c-9c94-0f22c9a103ff [2026-04-22T09:14:49.275497] } (STDOUT, APP/TASK/deploy)#
#2026 04 22 09:30:14.605#Z#DEBUG#cf9e627f-3e2d-11f1-8b07-eeee0a9d4f34.employee-crud-app-db-deployer#flowable-async-job-executor-thread-1902#
[PollExecuteTaskStatusExecution] 79486012-676b-404c-9c94-0f22c9a103ff [2026-04-22T09:14:49.772477] @sap/hdi-deploy, version 5.6.1 (mode default), server version 4.00.000.00.1776257624 (4.0.0.0), cloud version 2026.2.10, node version 24.13.0, HDI version 1016, container API version 1007 (STDOUT, APP/TASK/deploy)#
#2026 04 22 09:30:14.605#Z#DEBUG#cf9e627f-3e2d-11f1-8b07-eeee0a9d4f34.employee-crud-app-db-deployer#flowable-async-job-executor-thread-1902#
[PollExecuteTaskStatusExecution] 79486012-676b-404c-9c94-0f22c9a103ff [2026-04-22T09:14:49.772841] Deployment started at 2026-04-22 09:14:49 (STDOUT, APP/TASK/deploy)#
#2026 04 22 09:30:14.605#Z#DEBUG#cf9e627f-3e2d-11f1-8b07-eeee0a9d4f34.employee-crud-app-db-deployer#flowable-async-job-executor-thread-1902#
[PollExecuteTaskStatusExecution] 79486012-676b-404c-9c94-0f22c9a103ff [2026-04-22T09:14:49.773134] Using hdb@2.27.1 for connection (STDOUT, APP/TASK/deploy)#
#2026 04 22 09:30:14.605#Z#DEBUG#cf9e627f-3e2d-11f1-8b07-eeee0a9d4f34.employee-crud-app-db-deployer#flowable-async-job-executor-thread-1902#
[PollExecuteTaskStatusExecution] 79486012-676b-404c-9c94-0f22c9a103ff [2026-04-22T09:14:49.797633] No ignore file at /home/vcap/app/.hdiignore. (STDOUT, APP/TASK/deploy)#
#2026 04 22 09:30:14.605#Z#DEBUG#cf9e627f-3e2d-11f1-8b07-eeee0a9d4f34.employee-crud-app-db-deployer#flowable-async-job-executor-thread-1902#
[PollExecuteTaskStatusExecution] 79486012-676b-404c-9c94-0f22c9a103ff [2026-04-22T09:14:49.798131] Collecting files... (STDOUT, APP/TASK/deploy)#
#2026 04 22 09:30:14.605#Z#DEBUG#cf9e627f-3e2d-11f1-8b07-eeee0a9d4f34.employee-crud-app-db-deployer#flowable-async-job-executor-thread-1902#
[PollExecuteTaskStatusExecution] 79486012-676b-404c-9c94-0f22c9a103ff [2026-04-22T09:14:49.801937] Collecting files... ok (0s 4ms) (STDOUT, APP/TASK/deploy)#
#2026 04 22 09:30:14.605#Z#DEBUG#cf9e627f-3e2d-11f1-8b07-eeee0a9d4f34.employee-crud-app-db-deployer#flowable-async-job-executor-thread-1902#
[PollExecuteTaskStatusExecution] 79486012-676b-404c-9c94-0f22c9a103ff [2026-04-22T09:14:49.801950] 2 directories collected (STDOUT, APP/TASK/deploy)#
#2026 04 22 09:30:14.605#Z#DEBUG#cf9e627f-3e2d-11f1-8b07-eeee0a9d4f34.employee-crud-app-db-deployer#flowable-async-job-executor-thread-1902#
[PollExecuteTaskStatusExecution] 79486012-676b-404c-9c94-0f22c9a103ff [2026-04-22T09:14:49.802060] 8 files collected (STDOUT, APP/TASK/deploy)#
#2026 04 22 09:30:14.605#Z#DEBUG#cf9e627f-3e2d-11f1-8b07-eeee0a9d4f34.employee-crud-app-db-deployer#flowable-async-job-executor-thread-1902#
[PollExecuteTaskStatusExecution] 79486012-676b-404c-9c94-0f22c9a103ff [2026-04-22T09:14:49.802072] 0 reusable modules collected (STDOUT, APP/TASK/deploy)#
#2026 04 22 09:30:14.605#Z#DEBUG#cf9e627f-3e2d-11f1-8b07-eeee0a9d4f34.employee-crud-app-db-deployer#flowable-async-job-executor-thread-1902#
[PollExecuteTaskStatusExecution] 79486012-676b-404c-9c94-0f22c9a103ff [2026-04-22T09:14:49.802076] Target service: employee-crud-app-db (STDOUT, APP/TASK/deploy)#
#2026 04 22 09:30:14.605#Z#DEBUG#cf9e627f-3e2d-11f1-8b07-eeee0a9d4f34.employee-crud-app-db-deployer#flowable-async-job-executor-thread-1902#
[PollExecuteTaskStatusExecution] 79486012-676b-404c-9c94-0f22c9a103ff [2026-04-22T09:14:50.040152] Previous build with request ID 19 finished at 2026-04-21T09:30:47.453 with status Committed and message: Make succeeded (0 warnings): 8 files deployed (effective 8), 0 files undeployed (effective 0), 0 dependent files redeployed. (STDOUT, APP/TASK/deploy)#
#2026 04 22 09:30:14.605#Z#DEBUG#cf9e627f-3e2d-11f1-8b07-eeee0a9d4f34.employee-crud-app-db-deployer#flowable-async-job-executor-thread-1902#
[PollExecuteTaskStatusExecution] 79486012-676b-404c-9c94-0f22c9a103ff [2026-04-22T09:14:50.040216] Processing revoke files... (STDOUT, APP/TASK/deploy)#
#2026 04 22 09:30:14.605#Z#DEBUG#cf9e627f-3e2d-11f1-8b07-eeee0a9d4f34.employee-crud-app-db-deployer#flowable-async-job-executor-thread-1902#
[PollExecuteTaskStatusExecution] 79486012-676b-404c-9c94-0f22c9a103ff [2026-04-22T09:14:50.040299] Processing revoke files... ok (0s 0ms) (STDOUT, APP/TASK/deploy)#
#2026 04 22 09:30:14.605#Z#DEBUG#cf9e627f-3e2d-11f1-8b07-eeee0a9d4f34.employee-crud-app-db-deployer#flowable-async-job-executor-thread-1902#
[PollExecuteTaskStatusExecution] 79486012-676b-404c-9c94-0f22c9a103ff [2026-04-22T09:14:50.040433] Processing grants files... (STDOUT, APP/TASK/deploy)#
#2026 04 22 09:30:14.605#Z#DEBUG#cf9e627f-3e2d-11f1-8b07-eeee0a9d4f34.employee-crud-app-db-deployer#flowable-async-job-executor-thread-1902#
[PollExecuteTaskStatusExecution] 79486012-676b-404c-9c94-0f22c9a103ff [2026-04-22T09:14:50.040506] Processing grants files... ok (0s 0ms) (STDOUT, APP/TASK/deploy)#
#2026 04 22 09:30:14.605#Z#DEBUG#cf9e627f-3e2d-11f1-8b07-eeee0a9d4f34.employee-crud-app-db-deployer#flowable-async-job-executor-thread-1902#
[PollExecuteTaskStatusExecution] 79486012-676b-404c-9c94-0f22c9a103ff [2026-04-22T09:14:50.043448] Preprocessing files... (STDOUT, APP/TASK/deploy)#
#2026 04 22 09:30:14.605#Z#DEBUG#cf9e627f-3e2d-11f1-8b07-eeee0a9d4f34.employee-crud-app-db-deployer#flowable-async-job-executor-thread-1902#
[PollExecuteTaskStatusExecution] 79486012-676b-404c-9c94-0f22c9a103ff [2026-04-22T09:14:50.043653] Preprocessing files... ok (0s 0ms) (STDOUT, APP/TASK/deploy)#
#2026 04 22 09:30:14.605#Z#DEBUG#cf9e627f-3e2d-11f1-8b07-eeee0a9d4f34.employee-crud-app-db-deployer#flowable-async-job-executor-thread-1902#
[PollExecuteTaskStatusExecution] 79486012-676b-404c-9c94-0f22c9a103ff [2026-04-22T09:14:50.043720] Connecting to the container "74EA3EE61CF945DC8824F8174D8A4D75"... (STDOUT, APP/TASK/deploy)#
#2026 04 22 09:30:14.605#Z#DEBUG#cf9e627f-3e2d-11f1-8b07-eeee0a9d4f34.employee-crud-app-db-deployer#flowable-async-job-executor-thread-1902#
[PollExecuteTaskStatusExecution] 79486012-676b-404c-9c94-0f22c9a103ff [2026-04-22T09:14:50.114699] Connecting to the container "74EA3EE61CF945DC8824F8174D8A4D75"... ok (0s 71ms) (STDOUT, APP/TASK/deploy)#
#2026 04 22 09:30:14.605#Z#DEBUG#cf9e627f-3e2d-11f1-8b07-eeee0a9d4f34.employee-crud-app-db-deployer#flowable-async-job-executor-thread-1902#
[PollExecuteTaskStatusExecution] 79486012-676b-404c-9c94-0f22c9a103ff [2026-04-22T09:14:50.114738] Locking the container "74EA3EE61CF945DC8824F8174D8A4D75"... (STDOUT, APP/TASK/deploy)#
#2026 04 22 09:30:14.605#Z#DEBUG#cf9e627f-3e2d-11f1-8b07-eeee0a9d4f34.employee-crud-app-db-deployer#flowable-async-job-executor-thread-1902#
[PollExecuteTaskStatusExecution] 79486012-676b-404c-9c94-0f22c9a103ff [2026-04-22T09:14:50.338810] Locking the container "74EA3EE61CF945DC8824F8174D8A4D75"... ok (0s 224ms) (STDOUT, APP/TASK/deploy)#
#2026 04 22 09:30:14.605#Z#DEBUG#cf9e627f-3e2d-11f1-8b07-eeee0a9d4f34.employee-crud-app-db-deployer#flowable-async-job-executor-thread-1902#
[PollExecuteTaskStatusExecution] 79486012-676b-404c-9c94-0f22c9a103ff [2026-04-22T09:14:50.338850] Synchronizing files with the container "74EA3EE61CF945DC8824F8174D8A4D75"... (STDOUT, APP/TASK/deploy)#
#2026 04 22 09:30:14.605#Z#DEBUG#cf9e627f-3e2d-11f1-8b07-eeee0a9d4f34.employee-crud-app-db-deployer#flowable-async-job-executor-thread-1902#
[PollExecuteTaskStatusExecution] 79486012-676b-404c-9c94-0f22c9a103ff [2026-04-22T09:14:50.790340] Deleting files... (STDOUT, APP/TASK/deploy)#
#2026 04 22 09:30:14.605#Z#DEBUG#cf9e627f-3e2d-11f1-8b07-eeee0a9d4f34.employee-crud-app-db-deployer#flowable-async-job-executor-thread-1902#
[PollExecuteTaskStatusExecution] 79486012-676b-404c-9c94-0f22c9a103ff [2026-04-22T09:14:51.021950] Deleting files... ok (STDOUT, APP/TASK/deploy)#
#2026 04 22 09:30:14.605#Z#DEBUG#cf9e627f-3e2d-11f1-8b07-eeee0a9d4f34.employee-crud-app-db-deployer#flowable-async-job-executor-thread-1902#
[PollExecuteTaskStatusExecution] 79486012-676b-404c-9c94-0f22c9a103ff [2026-04-22T09:14:51.021969] Writing files... (STDOUT, APP/TASK/deploy)#
#2026 04 22 09:30:14.605#Z#DEBUG#cf9e627f-3e2d-11f1-8b07-eeee0a9d4f34.employee-crud-app-db-deployer#flowable-async-job-executor-thread-1902#
[PollExecuteTaskStatusExecution] 79486012-676b-404c-9c94-0f22c9a103ff [2026-04-22T09:14:51.022234] Writing 2 items (STDOUT, APP/TASK/deploy)#
#2026 04 22 09:30:14.605#Z#DEBUG#cf9e627f-3e2d-11f1-8b07-eeee0a9d4f34.employee-crud-app-db-deployer#flowable-async-job-executor-thread-1902#
[PollExecuteTaskStatusExecution] 79486012-676b-404c-9c94-0f22c9a103ff [2026-04-22T09:14:51.231118] Writing files... ok (STDOUT, APP/TASK/deploy)#
#2026 04 22 09:30:14.605#Z#DEBUG#cf9e627f-3e2d-11f1-8b07-eeee0a9d4f34.employee-crud-app-db-deployer#flowable-async-job-executor-thread-1902#
[PollExecuteTaskStatusExecution] 79486012-676b-404c-9c94-0f22c9a103ff [2026-04-22T09:14:51.231196] Synchronizing files with the container "74EA3EE61CF945DC8824F8174D8A4D75"... ok (0s 892ms) (STDOUT, APP/TASK/deploy)#
#2026 04 22 09:30:14.605#Z#DEBUG#cf9e627f-3e2d-11f1-8b07-eeee0a9d4f34.employee-crud-app-db-deployer#flowable-async-job-executor-thread-1902#
[PollExecuteTaskStatusExecution] 79486012-676b-404c-9c94-0f22c9a103ff [2026-04-22T09:14:51.231594] added files: [] (STDOUT, APP/TASK/deploy)#
#2026 04 22 09:30:14.605#Z#DEBUG#cf9e627f-3e2d-11f1-8b07-eeee0a9d4f34.employee-crud-app-db-deployer#flowable-async-job-executor-thread-1902#
[PollExecuteTaskStatusExecution] 79486012-676b-404c-9c94-0f22c9a103ff [2026-04-22T09:14:51.231657] modified files: [] (STDOUT, APP/TASK/deploy)#
#2026 04 22 09:30:14.605#Z#DEBUG#cf9e627f-3e2d-11f1-8b07-eeee0a9d4f34.employee-crud-app-db-deployer#flowable-async-job-executor-thread-1902#
[PollExecuteTaskStatusExecution] 79486012-676b-404c-9c94-0f22c9a103ff [2026-04-22T09:14:51.231713] deleted files: [] (STDOUT, APP/TASK/deploy)#
#2026 04 22 09:30:14.605#Z#DEBUG#cf9e627f-3e2d-11f1-8b07-eeee0a9d4f34.employee-crud-app-db-deployer#flowable-async-job-executor-thread-1902#
[PollExecuteTaskStatusExecution] 79486012-676b-404c-9c94-0f22c9a103ff [2026-04-22T09:14:51.231805] 0 modified or added files are scheduled for deploy based on delta detection (STDOUT, APP/TASK/deploy)#
#2026 04 22 09:30:14.605#Z#DEBUG#cf9e627f-3e2d-11f1-8b07-eeee0a9d4f34.employee-crud-app-db-deployer#flowable-async-job-executor-thread-1902#
[PollExecuteTaskStatusExecution] 79486012-676b-404c-9c94-0f22c9a103ff [2026-04-22T09:14:51.232099] 0 deleted files are scheduled for undeploy based on delta detection (filtered by undeploy allowlist) (STDOUT, APP/TASK/deploy)#
#2026 04 22 09:30:14.605#Z#DEBUG#cf9e627f-3e2d-11f1-8b07-eeee0a9d4f34.employee-crud-app-db-deployer#flowable-async-job-executor-thread-1902#
[PollExecuteTaskStatusExecution] 79486012-676b-404c-9c94-0f22c9a103ff [2026-04-22T09:14:51.232162] 0 files are scheduled for deploy based on explicit specification (STDOUT, APP/TASK/deploy)#
#2026 04 22 09:30:14.605#Z#DEBUG#cf9e627f-3e2d-11f1-8b07-eeee0a9d4f34.employee-crud-app-db-deployer#flowable-async-job-executor-thread-1902#
[PollExecuteTaskStatusExecution] 79486012-676b-404c-9c94-0f22c9a103ff [2026-04-22T09:14:51.232174] 0 files are scheduled for undeploy based on explicit specification (STDOUT, APP/TASK/deploy)#
#2026 04 22 09:30:14.605#Z#DEBUG#cf9e627f-3e2d-11f1-8b07-eeee0a9d4f34.employee-crud-app-db-deployer#flowable-async-job-executor-thread-1902#
[PollExecuteTaskStatusExecution] 79486012-676b-404c-9c94-0f22c9a103ff [2026-04-22T09:14:51.232191] Deploying to the container "74EA3EE61CF945DC8824F8174D8A4D75"... (STDOUT, APP/TASK/deploy)#
#2026 04 22 09:30:14.605#Z#DEBUG#cf9e627f-3e2d-11f1-8b07-eeee0a9d4f34.employee-crud-app-db-deployer#flowable-async-job-executor-thread-1902#
[PollExecuteTaskStatusExecution] 79486012-676b-404c-9c94-0f22c9a103ff [2026-04-22T09:14:51.833369] Polling messages for request id: 28 (STDOUT, APP/TASK/deploy)#
#2026 04 22 09:30:14.605#Z#DEBUG#cf9e627f-3e2d-11f1-8b07-eeee0a9d4f34.employee-crud-app-db-deployer#flowable-async-job-executor-thread-1902#
[PollExecuteTaskStatusExecution] 79486012-676b-404c-9c94-0f22c9a103ff [2026-04-22T09:14:51.865617] Starting make in the container "74EA3EE61CF945DC8824F8174D8A4D75" with 0 files to deploy, 0 files to undeploy... (STDOUT, APP/TASK/deploy)#
#2026 04 22 09:30:14.605#Z#DEBUG#cf9e627f-3e2d-11f1-8b07-eeee0a9d4f34.employee-crud-app-db-deployer#flowable-async-job-executor-thread-1902#
[PollExecuteTaskStatusExecution] 79486012-676b-404c-9c94-0f22c9a103ff [2026-04-22T09:14:51.865805] Disabling table replication for the container schema "74EA3EE61CF945DC8824F8174D8A4D75"... (STDOUT, APP/TASK/deploy)#
#2026 04 22 09:30:14.605#Z#DEBUG#cf9e627f-3e2d-11f1-8b07-eeee0a9d4f34.employee-crud-app-db-deployer#flowable-async-job-executor-thread-1902#
[PollExecuteTaskStatusExecution] 79486012-676b-404c-9c94-0f22c9a103ff [2026-04-22T09:14:51.865874] Disabling table replication for the container schema "74EA3EE61CF945DC8824F8174D8A4D75"... ok (0s 7ms) (STDOUT, APP/TASK/deploy)#
#2026 04 22 09:30:14.605#Z#DEBUG#cf9e627f-3e2d-11f1-8b07-eeee0a9d4f34.employee-crud-app-db-deployer#flowable-async-job-executor-thread-1902#
[PollExecuteTaskStatusExecution] 79486012-676b-404c-9c94-0f22c9a103ff [2026-04-22T09:14:51.866015] Migrating libraries... (STDOUT, APP/TASK/deploy)#
#2026 04 22 09:30:14.605#Z#DEBUG#cf9e627f-3e2d-11f1-8b07-eeee0a9d4f34.employee-crud-app-db-deployer#flowable-async-job-executor-thread-1902#
[PollExecuteTaskStatusExecution] 79486012-676b-404c-9c94-0f22c9a103ff [2026-04-22T09:14:53.883038] Migrating libraries... ok (2s 8ms) (STDOUT, APP/TASK/deploy)#
#2026 04 22 09:30:14.605#Z#DEBUG#cf9e627f-3e2d-11f1-8b07-eeee0a9d4f34.employee-crud-app-db-deployer#flowable-async-job-executor-thread-1902#
[PollExecuteTaskStatusExecution] 79486012-676b-404c-9c94-0f22c9a103ff [2026-04-22T09:14:53.885456] Making... (STDOUT, APP/TASK/deploy)#
#2026 04 22 09:30:14.605#Z#DEBUG#cf9e627f-3e2d-11f1-8b07-eeee0a9d4f34.employee-crud-app-db-deployer#flowable-async-job-executor-thread-1902#
[PollExecuteTaskStatusExecution] 79486012-676b-404c-9c94-0f22c9a103ff [2026-04-22T09:14:53.885507] Preparing... (STDOUT, APP/TASK/deploy)#
#2026 04 22 09:30:14.605#Z#DEBUG#cf9e627f-3e2d-11f1-8b07-eeee0a9d4f34.employee-crud-app-db-deployer#flowable-async-job-executor-thread-1902#
[PollExecuteTaskStatusExecution] 79486012-676b-404c-9c94-0f22c9a103ff [2026-04-22T09:14:53.885738] Preparing... ok (0s 0ms) (STDOUT, APP/TASK/deploy)#
#2026 04 22 09:30:14.605#Z#DEBUG#cf9e627f-3e2d-11f1-8b07-eeee0a9d4f34.employee-crud-app-db-deployer#flowable-async-job-executor-thread-1902#
[PollExecuteTaskStatusExecution] 79486012-676b-404c-9c94-0f22c9a103ff [2026-04-22T09:14:53.885769] Preparing the make transaction... (STDOUT, APP/TASK/deploy)#
#2026 04 22 09:30:14.605#Z#DEBUG#cf9e627f-3e2d-11f1-8b07-eeee0a9d4f34.employee-crud-app-db-deployer#flowable-async-job-executor-thread-1902#
[PollExecuteTaskStatusExecution] 79486012-676b-404c-9c94-0f22c9a103ff [2026-04-22T09:14:54.112783] Preparing the make transaction... ok (0s 507ms) (STDOUT, APP/TASK/deploy)#
#2026 04 22 09:30:14.605#Z#DEBUG#cf9e627f-3e2d-11f1-8b07-eeee0a9d4f34.employee-crud-app-db-deployer#flowable-async-job-executor-thread-1902#
[PollExecuteTaskStatusExecution] 79486012-676b-404c-9c94-0f22c9a103ff [2026-04-22T09:14:54.112797] Calculating dependencies... (STDOUT, APP/TASK/deploy)#
#2026 04 22 09:30:14.605#Z#DEBUG#cf9e627f-3e2d-11f1-8b07-eeee0a9d4f34.employee-crud-app-db-deployer#flowable-async-job-executor-thread-1902#
[PollExecuteTaskStatusExecution] 79486012-676b-404c-9c94-0f22c9a103ff [2026-04-22T09:14:54.112801] Expanding... (STDOUT, APP/TASK/deploy)#
#2026 04 22 09:30:14.605#Z#DEBUG#cf9e627f-3e2d-11f1-8b07-eeee0a9d4f34.employee-crud-app-db-deployer#flowable-async-job-executor-thread-1902#
[PollExecuteTaskStatusExecution] 79486012-676b-404c-9c94-0f22c9a103ff [2026-04-22T09:14:54.112806] Expanding... ok (0s 29ms) (STDOUT, APP/TASK/deploy)#
#2026 04 22 09:30:14.605#Z#DEBUG#cf9e627f-3e2d-11f1-8b07-eeee0a9d4f34.employee-crud-app-db-deployer#flowable-async-job-executor-thread-1902#
[PollExecuteTaskStatusExecution] 79486012-676b-404c-9c94-0f22c9a103ff [2026-04-22T09:14:54.112810] Precompiling... (STDOUT, APP/TASK/deploy)#
#2026 04 22 09:30:14.605#Z#DEBUG#cf9e627f-3e2d-11f1-8b07-eeee0a9d4f34.employee-crud-app-db-deployer#flowable-async-job-executor-thread-1902#
[PollExecuteTaskStatusExecution] 79486012-676b-404c-9c94-0f22c9a103ff [2026-04-22T09:14:54.112814] Precompiling... ok (0s 0ms) (STDOUT, APP/TASK/deploy)#
#2026 04 22 09:30:14.605#Z#DEBUG#cf9e627f-3e2d-11f1-8b07-eeee0a9d4f34.employee-crud-app-db-deployer#flowable-async-job-executor-thread-1902#
[PollExecuteTaskStatusExecution] 79486012-676b-404c-9c94-0f22c9a103ff [2026-04-22T09:14:54.112817] Merging... (STDOUT, APP/TASK/deploy)#
#2026 04 22 09:30:14.605#Z#DEBUG#cf9e627f-3e2d-11f1-8b07-eeee0a9d4f34.employee-crud-app-db-deployer#flowable-async-job-executor-thread-1902#
[PollExecuteTaskStatusExecution] 79486012-676b-404c-9c94-0f22c9a103ff [2026-04-22T09:14:54.112833] Merging... ok (0s 0ms) (STDOUT, APP/TASK/deploy)#
#2026 04 22 09:30:14.605#Z#DEBUG#cf9e627f-3e2d-11f1-8b07-eeee0a9d4f34.employee-crud-app-db-deployer#flowable-async-job-executor-thread-1902#
[PollExecuteTaskStatusExecution] 79486012-676b-404c-9c94-0f22c9a103ff [2026-04-22T09:14:54.112840] Calculating dependencies... ok (0s 29ms) (STDOUT, APP/TASK/deploy)#
#2026 04 22 09:30:14.605#Z#DEBUG#cf9e627f-3e2d-11f1-8b07-eeee0a9d4f34.employee-crud-app-db-deployer#flowable-async-job-executor-thread-1902#
[PollExecuteTaskStatusExecution] 79486012-676b-404c-9c94-0f22c9a103ff [2026-04-22T09:14:54.112844] No make necessary (STDOUT, APP/TASK/deploy)#
#2026 04 22 09:30:14.605#Z#DEBUG#cf9e627f-3e2d-11f1-8b07-eeee0a9d4f34.employee-crud-app-db-deployer#flowable-async-job-executor-thread-1902#
[PollExecuteTaskStatusExecution] 79486012-676b-404c-9c94-0f22c9a103ff [2026-04-22T09:14:54.112872] Making... ok (0s 630ms) (STDOUT, APP/TASK/deploy)#
#2026 04 22 09:30:14.605#Z#DEBUG#cf9e627f-3e2d-11f1-8b07-eeee0a9d4f34.employee-crud-app-db-deployer#flowable-async-job-executor-thread-1902#
[PollExecuteTaskStatusExecution] 79486012-676b-404c-9c94-0f22c9a103ff [2026-04-22T09:14:54.112876] Enabling table replication for the container schema "74EA3EE61CF945DC8824F8174D8A4D75"... (STDOUT, APP/TASK/deploy)#
#2026 04 22 09:30:14.605#Z#DEBUG#cf9e627f-3e2d-11f1-8b07-eeee0a9d4f34.employee-crud-app-db-deployer#flowable-async-job-executor-thread-1902#
[PollExecuteTaskStatusExecution] 79486012-676b-404c-9c94-0f22c9a103ff [2026-04-22T09:14:54.112882] Enabling table replication for the container schema "74EA3EE61CF945DC8824F8174D8A4D75"... ok (0s 20ms) (STDOUT, APP/TASK/deploy)#
#2026 04 22 09:30:14.605#Z#DEBUG#cf9e627f-3e2d-11f1-8b07-eeee0a9d4f34.employee-crud-app-db-deployer#flowable-async-job-executor-thread-1902#
[PollExecuteTaskStatusExecution] 79486012-676b-404c-9c94-0f22c9a103ff [2026-04-22T09:14:54.112902] Starting make in the container "74EA3EE61CF945DC8824F8174D8A4D75" with 0 files to deploy, 0 files to undeploy... ok (2s 672ms) (STDOUT, APP/TASK/deploy)#
#2026 04 22 09:30:14.605#Z#DEBUG#cf9e627f-3e2d-11f1-8b07-eeee0a9d4f34.employee-crud-app-db-deployer#flowable-async-job-executor-thread-1902#
[PollExecuteTaskStatusExecution] 79486012-676b-404c-9c94-0f22c9a103ff [2026-04-22T09:14:54.113070] Deploying to the container "74EA3EE61CF945DC8824F8174D8A4D75"... ok (2s 881ms) (STDOUT, APP/TASK/deploy)#
#2026 04 22 09:30:14.605#Z#DEBUG#cf9e627f-3e2d-11f1-8b07-eeee0a9d4f34.employee-crud-app-db-deployer#flowable-async-job-executor-thread-1902#
[PollExecuteTaskStatusExecution] 79486012-676b-404c-9c94-0f22c9a103ff [2026-04-22T09:14:54.113465] No default-access-role handling needed; global role "74EA3EE61CF945DC8824F8174D8A4D75::access_role" will not be adapted (STDOUT, APP/TASK/deploy)#
#2026 04 22 09:30:14.605#Z#DEBUG#cf9e627f-3e2d-11f1-8b07-eeee0a9d4f34.employee-crud-app-db-deployer#flowable-async-job-executor-thread-1902#
[PollExecuteTaskStatusExecution] 79486012-676b-404c-9c94-0f22c9a103ff [2026-04-22T09:14:54.113560] Unlocking the container "74EA3EE61CF945DC8824F8174D8A4D75"... (STDOUT, APP/TASK/deploy)#
#2026 04 22 09:30:14.605#Z#DEBUG#cf9e627f-3e2d-11f1-8b07-eeee0a9d4f34.employee-crud-app-db-deployer#flowable-async-job-executor-thread-1902#
[PollExecuteTaskStatusExecution] 79486012-676b-404c-9c94-0f22c9a103ff [2026-04-22T09:14:54.113915] Unlocking the container "74EA3EE61CF945DC8824F8174D8A4D75"... ok (0s 0ms) (STDOUT, APP/TASK/deploy)#
#2026 04 22 09:30:14.605#Z#DEBUG#cf9e627f-3e2d-11f1-8b07-eeee0a9d4f34.employee-crud-app-db-deployer#flowable-async-job-executor-thread-1902#
[PollExecuteTaskStatusExecution] 79486012-676b-404c-9c94-0f22c9a103ff [2026-04-22T09:14:54.114086] Deployment to container 74EA3EE61CF945DC8824F8174D8A4D75 done [Deployment ID: none]. (STDOUT, APP/TASK/deploy)#
#2026 04 22 09:30:14.605#Z#DEBUG#cf9e627f-3e2d-11f1-8b07-eeee0a9d4f34.employee-crud-app-db-deployer#flowable-async-job-executor-thread-1902#
[PollExecuteTaskStatusExecution] 79486012-676b-404c-9c94-0f22c9a103ff [2026-04-22T09:14:54.114816] Deployment ended at 2026-04-22 09:14:54 (STDOUT, APP/TASK/deploy)#
#2026 04 22 09:30:14.605#Z#DEBUG#cf9e627f-3e2d-11f1-8b07-eeee0a9d4f34.employee-crud-app-db-deployer#flowable-async-job-executor-thread-1902#
[PollExecuteTaskStatusExecution] 79486012-676b-404c-9c94-0f22c9a103ff [2026-04-22T09:14:54.115065] (4s 970ms) (STDOUT, APP/TASK/deploy)#
#2026 04 22 09:30:14.605#Z#DEBUG#cf9e627f-3e2d-11f1-8b07-eeee0a9d4f34.employee-crud-app-db-deployer#flowable-async-job-executor-thread-1902#
[PollExecuteTaskStatusExecution] 79486012-676b-404c-9c94-0f22c9a103ff [2026-04-22T09:14:54.133979] npm notice (STDERR, APP/TASK/deploy)#
#2026 04 22 09:30:14.605#Z#DEBUG#cf9e627f-3e2d-11f1-8b07-eeee0a9d4f34.employee-crud-app-db-deployer#flowable-async-job-executor-thread-1902#
[PollExecuteTaskStatusExecution] 79486012-676b-404c-9c94-0f22c9a103ff [2026-04-22T09:14:54.133994] npm notice New minor version of npm available! 11.6.2 -> 11.12.1 (STDERR, APP/TASK/deploy)#
#2026 04 22 09:30:14.605#Z#DEBUG#cf9e627f-3e2d-11f1-8b07-eeee0a9d4f34.employee-crud-app-db-deployer#flowable-async-job-executor-thread-1902#
[PollExecuteTaskStatusExecution] 79486012-676b-404c-9c94-0f22c9a103ff [2026-04-22T09:14:54.133998] npm notice Changelog: https://github.com/npm/cli/releases/tag/v11.12.1 (STDERR, APP/TASK/deploy)#
#2026 04 22 09:30:14.605#Z#DEBUG#cf9e627f-3e2d-11f1-8b07-eeee0a9d4f34.employee-crud-app-db-deployer#flowable-async-job-executor-thread-1902#
[PollExecuteTaskStatusExecution] 79486012-676b-404c-9c94-0f22c9a103ff [2026-04-22T09:14:54.134002] npm notice To update run: npm install -g npm@11.12.1 (STDERR, APP/TASK/deploy)#
#2026 04 22 09:30:14.605#Z#DEBUG#cf9e627f-3e2d-11f1-8b07-eeee0a9d4f34.employee-crud-app-db-deployer#flowable-async-job-executor-thread-1902#
[PollExecuteTaskStatusExecution] 79486012-676b-404c-9c94-0f22c9a103ff [2026-04-22T09:14:54.134005] npm notice (STDERR, APP/TASK/deploy)#
#2026 04 22 09:30:14.605#Z#DEBUG#cf9e627f-3e2d-11f1-8b07-eeee0a9d4f34.employee-crud-app-db-deployer#flowable-async-job-executor-thread-1902#
[PollExecuteTaskStatusExecution] 79486012-676b-404c-9c94-0f22c9a103ff [2026-04-22T09:14:54.231369] Exit status 0 (STDOUT, APP/TASK/deploy)#
#2026 04 22 09:30:14.605#Z#DEBUG#cf9e627f-3e2d-11f1-8b07-eeee0a9d4f34.employee-crud-app-db-deployer#flowable-async-job-executor-thread-1902#
[PollExecuteTaskStatusExecution] 79486012-676b-404c-9c94-0f22c9a103ff [2026-04-22T09:14:54.761059] Cell 54b50d35-322b-4617-baa3-c13476b47cb5 stopping instance df425f5a-90f7-409b-831d-03a5944075eb (STDOUT, CELL)#
#2026 04 22 09:30:14.605#Z#DEBUG#cf9e627f-3e2d-11f1-8b07-eeee0a9d4f34.employee-crud-app-db-deployer#flowable-async-job-executor-thread-1902#
[PollExecuteTaskStatusExecution] 79486012-676b-404c-9c94-0f22c9a103ff [2026-04-22T09:14:54.761102] Cell 54b50d35-322b-4617-baa3-c13476b47cb5 destroying container for instance df425f5a-90f7-409b-831d-03a5944075eb (STDOUT, CELL)#
#2026 04 22 09:30:14.605#Z#DEBUG#cf9e627f-3e2d-11f1-8b07-eeee0a9d4f34.employee-crud-app-db-deployer#flowable-async-job-executor-thread-1902#
[PollExecuteTaskStatusExecution] 79486012-676b-404c-9c94-0f22c9a103ff [2026-04-22T09:14:57.263581] Cell 54b50d35-322b-4617-baa3-c13476b47cb5 successfully destroyed container for instance df425f5a-90f7-409b-831d-03a5944075eb (STDOUT, CELL)#
#2026 04 22 09:30:14.605#Z#DEBUG#cf9e627f-3e2d-11f1-8b07-eeee0a9d4f34.employee-crud-app-db-deployer#flowable-async-job-executor-thread-1902#
[PollExecuteTaskStatusExecution] 79486012-676b-404c-9c94-0f22c9a103ff [2026-04-22T09:30:05.350948] Updated app with guid 79486012-676b-404c-9c94-0f22c9a103ff ({"lifecycle"=>{"data"=>{"buildpacks"=>["nodejs_buildpack"]}, "type"=>"buildpack"}}) (STDOUT, API)#
#2026 04 22 09:30:14.605#Z#DEBUG#cf9e627f-3e2d-11f1-8b07-eeee0a9d4f34.employee-crud-app-db-deployer#flowable-async-job-executor-thread-1902#
[PollExecuteTaskStatusExecution] 79486012-676b-404c-9c94-0f22c9a103ff [2026-04-22T09:30:05.467698] Updating process: "web" (STDOUT, API)#
#2026 04 22 09:30:14.605#Z#DEBUG#cf9e627f-3e2d-11f1-8b07-eeee0a9d4f34.employee-crud-app-db-deployer#flowable-async-job-executor-thread-1902#
[PollExecuteTaskStatusExecution] 79486012-676b-404c-9c94-0f22c9a103ff [2026-04-22T09:30:07.940584] Cell 1ea14514-f0fe-461c-9aa9-a53bbe093b00 creating container for instance 5f9f26ce-36bb-4c95-aa62-62ca517f7157 (STDOUT, CELL)#
#2026 04 22 09:30:14.605#Z#DEBUG#cf9e627f-3e2d-11f1-8b07-eeee0a9d4f34.employee-crud-app-db-deployer#flowable-async-job-executor-thread-1902#
[PollExecuteTaskStatusExecution] 79486012-676b-404c-9c94-0f22c9a103ff [2026-04-22T09:30:08.632735] Security group rules were updated (STDOUT, CELL)#
#2026 04 22 09:30:14.605#Z#DEBUG#cf9e627f-3e2d-11f1-8b07-eeee0a9d4f34.employee-crud-app-db-deployer#flowable-async-job-executor-thread-1902#
[PollExecuteTaskStatusExecution] 79486012-676b-404c-9c94-0f22c9a103ff [2026-04-22T09:30:08.755580] Cell 1ea14514-f0fe-461c-9aa9-a53bbe093b00 successfully created container for instance 5f9f26ce-36bb-4c95-aa62-62ca517f7157 (STDOUT, CELL)#
#2026 04 22 09:30:24.650#Z#DEBUG#cf9e627f-3e2d-11f1-8b07-eeee0a9d4f34.employee-crud-app-db-deployer#flowable-async-job-executor-thread-1924#
[PollExecuteTaskStatusExecution] 79486012-676b-404c-9c94-0f22c9a103ff [2026-04-22T09:30:14.512187] Invoking pre-start scripts. (STDOUT, APP/TASK/deploy)#
#2026 04 22 09:30:24.650#Z#DEBUG#cf9e627f-3e2d-11f1-8b07-eeee0a9d4f34.employee-crud-app-db-deployer#flowable-async-job-executor-thread-1924#
[PollExecuteTaskStatusExecution] 79486012-676b-404c-9c94-0f22c9a103ff [2026-04-22T09:30:14.753017] Invoking start command. (STDOUT, APP/TASK/deploy)#
#2026 04 22 09:30:24.650#Z#DEBUG#cf9e627f-3e2d-11f1-8b07-eeee0a9d4f34.employee-crud-app-db-deployer#flowable-async-job-executor-thread-1924#
[PollExecuteTaskStatusExecution] 79486012-676b-404c-9c94-0f22c9a103ff [2026-04-22T09:30:15.262424] > start (STDOUT, APP/TASK/deploy)#
#2026 04 22 09:30:24.650#Z#DEBUG#cf9e627f-3e2d-11f1-8b07-eeee0a9d4f34.employee-crud-app-db-deployer#flowable-async-job-executor-thread-1924#
[PollExecuteTaskStatusExecution] 79486012-676b-404c-9c94-0f22c9a103ff [2026-04-22T09:30:15.262448] > node node_modules/@sap/hdi-deploy/deploy.js --use-hdb --parameter com.sap.hana.di.table/try_fast_table_migration=true (STDOUT, APP/TASK/deploy)#
#2026 04 22 09:30:24.650#Z#DEBUG#cf9e627f-3e2d-11f1-8b07-eeee0a9d4f34.employee-crud-app-db-deployer#flowable-async-job-executor-thread-1924#
[PollExecuteTaskStatusExecution] 79486012-676b-404c-9c94-0f22c9a103ff [2026-04-22T09:30:15.441131] VCAP_SERVICES: (STDOUT, APP/TASK/deploy)#
#2026 04 22 09:30:24.650#Z#DEBUG#cf9e627f-3e2d-11f1-8b07-eeee0a9d4f34.employee-crud-app-db-deployer#flowable-async-job-executor-thread-1924#
[PollExecuteTaskStatusExecution] 79486012-676b-404c-9c94-0f22c9a103ff [2026-04-22T09:30:15.441504] { (STDOUT, APP/TASK/deploy)#
#2026 04 22 09:30:24.650#Z#DEBUG#cf9e627f-3e2d-11f1-8b07-eeee0a9d4f34.employee-crud-app-db-deployer#flowable-async-job-executor-thread-1924#
[PollExecuteTaskStatusExecution] 79486012-676b-404c-9c94-0f22c9a103ff [2026-04-22T09:30:15.441517] "hana": [ (STDOUT, APP/TASK/deploy)#
#2026 04 22 09:30:24.650#Z#DEBUG#cf9e627f-3e2d-11f1-8b07-eeee0a9d4f34.employee-crud-app-db-deployer#flowable-async-job-executor-thread-1924#
[PollExecuteTaskStatusExecution] 79486012-676b-404c-9c94-0f22c9a103ff [2026-04-22T09:30:15.441522] { (STDOUT, APP/TASK/deploy)#
#2026 04 22 09:30:24.650#Z#DEBUG#cf9e627f-3e2d-11f1-8b07-eeee0a9d4f34.employee-crud-app-db-deployer#flowable-async-job-executor-thread-1924#
[PollExecuteTaskStatusExecution] 79486012-676b-404c-9c94-0f22c9a103ff [2026-04-22T09:30:15.441526] "name": "employee-crud-app-db", (STDOUT, APP/TASK/deploy)#
#2026 04 22 09:30:24.650#Z#DEBUG#cf9e627f-3e2d-11f1-8b07-eeee0a9d4f34.employee-crud-app-db-deployer#flowable-async-job-executor-thread-1924#
[PollExecuteTaskStatusExecution] 79486012-676b-404c-9c94-0f22c9a103ff [2026-04-22T09:30:15.441533] "label": "hana", (STDOUT, APP/TASK/deploy)#
#2026 04 22 09:30:24.650#Z#DEBUG#cf9e627f-3e2d-11f1-8b07-eeee0a9d4f34.employee-crud-app-db-deployer#flowable-async-job-executor-thread-1924#
[PollExecuteTaskStatusExecution] 79486012-676b-404c-9c94-0f22c9a103ff [2026-04-22T09:30:15.441537] "plan": "hdi-shared", (STDOUT, APP/TASK/deploy)#
#2026 04 22 09:30:24.650#Z#DEBUG#cf9e627f-3e2d-11f1-8b07-eeee0a9d4f34.employee-crud-app-db-deployer#flowable-async-job-executor-thread-1924#
[PollExecuteTaskStatusExecution] 79486012-676b-404c-9c94-0f22c9a103ff [2026-04-22T09:30:15.441541] "credentials": { (STDOUT, APP/TASK/deploy)#
#2026 04 22 09:30:24.650#Z#DEBUG#cf9e627f-3e2d-11f1-8b07-eeee0a9d4f34.employee-crud-app-db-deployer#flowable-async-job-executor-thread-1924#
[PollExecuteTaskStatusExecution] 79486012-676b-404c-9c94-0f22c9a103ff [2026-04-22T09:30:15.441545] "schema": "74EA3EE61CF945DC8824F8174D8A4D75", (STDOUT, APP/TASK/deploy)#
#2026 04 22 09:30:24.650#Z#DEBUG#cf9e627f-3e2d-11f1-8b07-eeee0a9d4f34.employee-crud-app-db-deployer#flowable-async-job-executor-thread-1924#
[PollExecuteTaskStatusExecution] 79486012-676b-404c-9c94-0f22c9a103ff [2026-04-22T09:30:15.441549] "database_id": "b172bf9b-f070-4a5d-9f1e-50f68513378d", (STDOUT, APP/TASK/deploy)#
#2026 04 22 09:30:24.650#Z#DEBUG#cf9e627f-3e2d-11f1-8b07-eeee0a9d4f34.employee-crud-app-db-deployer#flowable-async-job-executor-thread-1924#
[PollExecuteTaskStatusExecution] 79486012-676b-404c-9c94-0f22c9a103ff [2026-04-22T09:30:15.441556] "user": "74EA3EE61CF945DC8824F8174D8A4D75_9CMDDMB3W5OCVMSA1AXLTVFBD_RT", (STDOUT, APP/TASK/deploy)#
#2026 04 22 09:30:24.650#Z#DEBUG#cf9e627f-3e2d-11f1-8b07-eeee0a9d4f34.employee-crud-app-db-deployer#flowable-async-job-executor-thread-1924#
[PollExecuteTaskStatusExecution] 79486012-676b-404c-9c94-0f22c9a103ff [2026-04-22T09:30:15.441564] "hdi_user": "74EA3EE61CF945DC8824F8174D8A4D75_9CMDDMB3W5OCVMSA1AXLTVFBD_DT" (STDOUT, APP/TASK/deploy)#
#2026 04 22 09:30:24.650#Z#DEBUG#cf9e627f-3e2d-11f1-8b07-eeee0a9d4f34.employee-crud-app-db-deployer#flowable-async-job-executor-thread-1924#
[PollExecuteTaskStatusExecution] 79486012-676b-404c-9c94-0f22c9a103ff [2026-04-22T09:30:15.441567] }, (STDOUT, APP/TASK/deploy)#
#2026 04 22 09:30:24.650#Z#DEBUG#cf9e627f-3e2d-11f1-8b07-eeee0a9d4f34.employee-crud-app-db-deployer#flowable-async-job-executor-thread-1924#
[PollExecuteTaskStatusExecution] 79486012-676b-404c-9c94-0f22c9a103ff [2026-04-22T09:30:15.441570] "tags": [ (STDOUT, APP/TASK/deploy)#
#2026 04 22 09:30:24.650#Z#DEBUG#cf9e627f-3e2d-11f1-8b07-eeee0a9d4f34.employee-crud-app-db-deployer#flowable-async-job-executor-thread-1924#
[PollExecuteTaskStatusExecution] 79486012-676b-404c-9c94-0f22c9a103ff [2026-04-22T09:30:15.441573] "hana", (STDOUT, APP/TASK/deploy)#
#2026 04 22 09:30:24.650#Z#DEBUG#cf9e627f-3e2d-11f1-8b07-eeee0a9d4f34.employee-crud-app-db-deployer#flowable-async-job-executor-thread-1924#
[PollExecuteTaskStatusExecution] 79486012-676b-404c-9c94-0f22c9a103ff [2026-04-22T09:30:15.441577] "database", (STDOUT, APP/TASK/deploy)#
#2026 04 22 09:30:24.650#Z#DEBUG#cf9e627f-3e2d-11f1-8b07-eeee0a9d4f34.employee-crud-app-db-deployer#flowable-async-job-executor-thread-1924#
[PollExecuteTaskStatusExecution] 79486012-676b-404c-9c94-0f22c9a103ff [2026-04-22T09:30:15.441580] "relational" (STDOUT, APP/TASK/deploy)#
#2026 04 22 09:30:24.650#Z#DEBUG#cf9e627f-3e2d-11f1-8b07-eeee0a9d4f34.employee-crud-app-db-deployer#flowable-async-job-executor-thread-1924#
[PollExecuteTaskStatusExecution] 79486012-676b-404c-9c94-0f22c9a103ff [2026-04-22T09:30:15.441583] ] (STDOUT, APP/TASK/deploy)#
#2026 04 22 09:30:24.650#Z#DEBUG#cf9e627f-3e2d-11f1-8b07-eeee0a9d4f34.employee-crud-app-db-deployer#flowable-async-job-executor-thread-1924#
[PollExecuteTaskStatusExecution] 79486012-676b-404c-9c94-0f22c9a103ff [2026-04-22T09:30:15.441587] } (STDOUT, APP/TASK/deploy)#
#2026 04 22 09:30:24.650#Z#DEBUG#cf9e627f-3e2d-11f1-8b07-eeee0a9d4f34.employee-crud-app-db-deployer#flowable-async-job-executor-thread-1924#
[PollExecuteTaskStatusExecution] 79486012-676b-404c-9c94-0f22c9a103ff [2026-04-22T09:30:15.441590] ] (STDOUT, APP/TASK/deploy)#
#2026 04 22 09:30:24.650#Z#DEBUG#cf9e627f-3e2d-11f1-8b07-eeee0a9d4f34.employee-crud-app-db-deployer#flowable-async-job-executor-thread-1924#
[PollExecuteTaskStatusExecution] 79486012-676b-404c-9c94-0f22c9a103ff [2026-04-22T09:30:15.441593] } (STDOUT, APP/TASK/deploy)#
#2026 04 22 09:30:24.650#Z#DEBUG#cf9e627f-3e2d-11f1-8b07-eeee0a9d4f34.employee-crud-app-db-deployer#flowable-async-job-executor-thread-1924#
[PollExecuteTaskStatusExecution] 79486012-676b-404c-9c94-0f22c9a103ff [2026-04-22T09:30:15.851666] @sap/hdi-deploy, version 5.6.1 (mode default), server version 4.00.000.00.1776257624 (4.0.0.0), cloud version 2026.2.10, node version 24.13.0, HDI version 1016, container API version 1007 (STDOUT, APP/TASK/deploy)#
#2026 04 22 09:30:24.650#Z#DEBUG#cf9e627f-3e2d-11f1-8b07-eeee0a9d4f34.employee-crud-app-db-deployer#flowable-async-job-executor-thread-1924#
[PollExecuteTaskStatusExecution] 79486012-676b-404c-9c94-0f22c9a103ff [2026-04-22T09:30:15.851994] Deployment started at 2026-04-22 09:30:15 (STDOUT, APP/TASK/deploy)#
#2026 04 22 09:30:24.650#Z#DEBUG#cf9e627f-3e2d-11f1-8b07-eeee0a9d4f34.employee-crud-app-db-deployer#flowable-async-job-executor-thread-1924#
[PollExecuteTaskStatusExecution] 79486012-676b-404c-9c94-0f22c9a103ff [2026-04-22T09:30:15.852253] Using hdb@2.27.1 for connection (STDOUT, APP/TASK/deploy)#
#2026 04 22 09:30:24.650#Z#DEBUG#cf9e627f-3e2d-11f1-8b07-eeee0a9d4f34.employee-crud-app-db-deployer#flowable-async-job-executor-thread-1924#
[PollExecuteTaskStatusExecution] 79486012-676b-404c-9c94-0f22c9a103ff [2026-04-22T09:30:15.877386] No ignore file at /home/vcap/app/.hdiignore. (STDOUT, APP/TASK/deploy)#
#2026 04 22 09:30:24.650#Z#DEBUG#cf9e627f-3e2d-11f1-8b07-eeee0a9d4f34.employee-crud-app-db-deployer#flowable-async-job-executor-thread-1924#
[PollExecuteTaskStatusExecution] 79486012-676b-404c-9c94-0f22c9a103ff [2026-04-22T09:30:15.877783] Collecting files... (STDOUT, APP/TASK/deploy)#
#2026 04 22 09:30:24.650#Z#DEBUG#cf9e627f-3e2d-11f1-8b07-eeee0a9d4f34.employee-crud-app-db-deployer#flowable-async-job-executor-thread-1924#
[PollExecuteTaskStatusExecution] 79486012-676b-404c-9c94-0f22c9a103ff [2026-04-22T09:30:15.881660] Collecting files... ok (0s 4ms) (STDOUT, APP/TASK/deploy)#
#2026 04 22 09:30:24.650#Z#DEBUG#cf9e627f-3e2d-11f1-8b07-eeee0a9d4f34.employee-crud-app-db-deployer#flowable-async-job-executor-thread-1924#
[PollExecuteTaskStatusExecution] 79486012-676b-404c-9c94-0f22c9a103ff [2026-04-22T09:30:15.881777] 2 directories collected (STDOUT, APP/TASK/deploy)#
#2026 04 22 09:30:24.650#Z#DEBUG#cf9e627f-3e2d-11f1-8b07-eeee0a9d4f34.employee-crud-app-db-deployer#flowable-async-job-executor-thread-1924#
[PollExecuteTaskStatusExecution] 79486012-676b-404c-9c94-0f22c9a103ff [2026-04-22T09:30:15.881922] 8 files collected (STDOUT, APP/TASK/deploy)#
#2026 04 22 09:30:24.650#Z#DEBUG#cf9e627f-3e2d-11f1-8b07-eeee0a9d4f34.employee-crud-app-db-deployer#flowable-async-job-executor-thread-1924#
[PollExecuteTaskStatusExecution] 79486012-676b-404c-9c94-0f22c9a103ff [2026-04-22T09:30:15.881987] 0 reusable modules collected (STDOUT, APP/TASK/deploy)#
#2026 04 22 09:30:24.650#Z#DEBUG#cf9e627f-3e2d-11f1-8b07-eeee0a9d4f34.employee-crud-app-db-deployer#flowable-async-job-executor-thread-1924#
[PollExecuteTaskStatusExecution] 79486012-676b-404c-9c94-0f22c9a103ff [2026-04-22T09:30:15.882116] Target service: employee-crud-app-db (STDOUT, APP/TASK/deploy)#
#2026 04 22 09:30:24.650#Z#DEBUG#cf9e627f-3e2d-11f1-8b07-eeee0a9d4f34.employee-crud-app-db-deployer#flowable-async-job-executor-thread-1924#
[PollExecuteTaskStatusExecution] 79486012-676b-404c-9c94-0f22c9a103ff [2026-04-22T09:30:16.056271] Previous build with request ID 28 finished at 2026-04-22T09:14:54.086 with status Rolled back and message: Starting make in the container "74EA3EE61CF945DC8824F8174D8A4D75" with 0 files to deploy, 0 files to undeploy... ok. (STDOUT, APP/TASK/deploy)#
#2026 04 22 09:30:24.650#Z#DEBUG#cf9e627f-3e2d-11f1-8b07-eeee0a9d4f34.employee-crud-app-db-deployer#flowable-async-job-executor-thread-1924#
[PollExecuteTaskStatusExecution] 79486012-676b-404c-9c94-0f22c9a103ff [2026-04-22T09:30:16.056310] Processing revoke files... (STDOUT, APP/TASK/deploy)#
#2026 04 22 09:30:24.650#Z#DEBUG#cf9e627f-3e2d-11f1-8b07-eeee0a9d4f34.employee-crud-app-db-deployer#flowable-async-job-executor-thread-1924#
[PollExecuteTaskStatusExecution] 79486012-676b-404c-9c94-0f22c9a103ff [2026-04-22T09:30:16.056338] Processing revoke files... ok (0s 0ms) (STDOUT, APP/TASK/deploy)#
#2026 04 22 09:30:24.650#Z#DEBUG#cf9e627f-3e2d-11f1-8b07-eeee0a9d4f34.employee-crud-app-db-deployer#flowable-async-job-executor-thread-1924#
[PollExecuteTaskStatusExecution] 79486012-676b-404c-9c94-0f22c9a103ff [2026-04-22T09:30:16.056434] Processing grants files... (STDOUT, APP/TASK/deploy)#
#2026 04 22 09:30:24.650#Z#DEBUG#cf9e627f-3e2d-11f1-8b07-eeee0a9d4f34.employee-crud-app-db-deployer#flowable-async-job-executor-thread-1924#
[PollExecuteTaskStatusExecution] 79486012-676b-404c-9c94-0f22c9a103ff [2026-04-22T09:30:16.056518] Processing grants files... ok (0s 0ms) (STDOUT, APP/TASK/deploy)#
#2026 04 22 09:30:24.650#Z#DEBUG#cf9e627f-3e2d-11f1-8b07-eeee0a9d4f34.employee-crud-app-db-deployer#flowable-async-job-executor-thread-1924#
[PollExecuteTaskStatusExecution] 79486012-676b-404c-9c94-0f22c9a103ff [2026-04-22T09:30:16.059783] Preprocessing files... (STDOUT, APP/TASK/deploy)#
#2026 04 22 09:30:24.650#Z#DEBUG#cf9e627f-3e2d-11f1-8b07-eeee0a9d4f34.employee-crud-app-db-deployer#flowable-async-job-executor-thread-1924#
[PollExecuteTaskStatusExecution] 79486012-676b-404c-9c94-0f22c9a103ff [2026-04-22T09:30:16.060008] Preprocessing files... ok (0s 0ms) (STDOUT, APP/TASK/deploy)#
#2026 04 22 09:30:24.650#Z#DEBUG#cf9e627f-3e2d-11f1-8b07-eeee0a9d4f34.employee-crud-app-db-deployer#flowable-async-job-executor-thread-1924#
[PollExecuteTaskStatusExecution] 79486012-676b-404c-9c94-0f22c9a103ff [2026-04-22T09:30:16.060099] Connecting to the container "74EA3EE61CF945DC8824F8174D8A4D75"... (STDOUT, APP/TASK/deploy)#
#2026 04 22 09:30:24.650#Z#DEBUG#cf9e627f-3e2d-11f1-8b07-eeee0a9d4f34.employee-crud-app-db-deployer#flowable-async-job-executor-thread-1924#
[PollExecuteTaskStatusExecution] 79486012-676b-404c-9c94-0f22c9a103ff [2026-04-22T09:30:16.133034] Connecting to the container "74EA3EE61CF945DC8824F8174D8A4D75"... ok (0s 73ms) (STDOUT, APP/TASK/deploy)#
#2026 04 22 09:30:24.650#Z#DEBUG#cf9e627f-3e2d-11f1-8b07-eeee0a9d4f34.employee-crud-app-db-deployer#flowable-async-job-executor-thread-1924#
[PollExecuteTaskStatusExecution] 79486012-676b-404c-9c94-0f22c9a103ff [2026-04-22T09:30:16.133079] Locking the container "74EA3EE61CF945DC8824F8174D8A4D75"... (STDOUT, APP/TASK/deploy)#
#2026 04 22 09:30:24.650#Z#DEBUG#cf9e627f-3e2d-11f1-8b07-eeee0a9d4f34.employee-crud-app-db-deployer#flowable-async-job-executor-thread-1924#
[PollExecuteTaskStatusExecution] 79486012-676b-404c-9c94-0f22c9a103ff [2026-04-22T09:30:16.263136] Locking the container "74EA3EE61CF945DC8824F8174D8A4D75"... ok (0s 130ms) (STDOUT, APP/TASK/deploy)#
#2026 04 22 09:30:24.650#Z#DEBUG#cf9e627f-3e2d-11f1-8b07-eeee0a9d4f34.employee-crud-app-db-deployer#flowable-async-job-executor-thread-1924#
[PollExecuteTaskStatusExecution] 79486012-676b-404c-9c94-0f22c9a103ff [2026-04-22T09:30:16.263275] Synchronizing files with the container "74EA3EE61CF945DC8824F8174D8A4D75"... (STDOUT, APP/TASK/deploy)#
#2026 04 22 09:30:24.650#Z#DEBUG#cf9e627f-3e2d-11f1-8b07-eeee0a9d4f34.employee-crud-app-db-deployer#flowable-async-job-executor-thread-1924#
[PollExecuteTaskStatusExecution] 79486012-676b-404c-9c94-0f22c9a103ff [2026-04-22T09:30:16.505179] Deleting files... (STDOUT, APP/TASK/deploy)#
#2026 04 22 09:30:24.650#Z#DEBUG#cf9e627f-3e2d-11f1-8b07-eeee0a9d4f34.employee-crud-app-db-deployer#flowable-async-job-executor-thread-1924#
[PollExecuteTaskStatusExecution] 79486012-676b-404c-9c94-0f22c9a103ff [2026-04-22T09:30:16.652711] Deleting files... ok (STDOUT, APP/TASK/deploy)#
#2026 04 22 09:30:24.650#Z#DEBUG#cf9e627f-3e2d-11f1-8b07-eeee0a9d4f34.employee-crud-app-db-deployer#flowable-async-job-executor-thread-1924#
[PollExecuteTaskStatusExecution] 79486012-676b-404c-9c94-0f22c9a103ff [2026-04-22T09:30:16.652767] Writing files... (STDOUT, APP/TASK/deploy)#
#2026 04 22 09:30:24.650#Z#DEBUG#cf9e627f-3e2d-11f1-8b07-eeee0a9d4f34.employee-crud-app-db-deployer#flowable-async-job-executor-thread-1924#
[PollExecuteTaskStatusExecution] 79486012-676b-404c-9c94-0f22c9a103ff [2026-04-22T09:30:16.653209] Writing 2 items (STDOUT, APP/TASK/deploy)#
#2026 04 22 09:30:24.650#Z#DEBUG#cf9e627f-3e2d-11f1-8b07-eeee0a9d4f34.employee-crud-app-db-deployer#flowable-async-job-executor-thread-1924#
[PollExecuteTaskStatusExecution] 79486012-676b-404c-9c94-0f22c9a103ff [2026-04-22T09:30:16.809652] Writing files... ok (STDOUT, APP/TASK/deploy)#
#2026 04 22 09:30:24.650#Z#DEBUG#cf9e627f-3e2d-11f1-8b07-eeee0a9d4f34.employee-crud-app-db-deployer#flowable-async-job-executor-thread-1924#
[PollExecuteTaskStatusExecution] 79486012-676b-404c-9c94-0f22c9a103ff [2026-04-22T09:30:16.809690] Synchronizing files with the container "74EA3EE61CF945DC8824F8174D8A4D75"... ok (0s 546ms) (STDOUT, APP/TASK/deploy)#
#2026 04 22 09:30:24.650#Z#DEBUG#cf9e627f-3e2d-11f1-8b07-eeee0a9d4f34.employee-crud-app-db-deployer#flowable-async-job-executor-thread-1924#
[PollExecuteTaskStatusExecution] 79486012-676b-404c-9c94-0f22c9a103ff [2026-04-22T09:30:16.810204] added files: [] (STDOUT, APP/TASK/deploy)#
#2026 04 22 09:30:24.650#Z#DEBUG#cf9e627f-3e2d-11f1-8b07-eeee0a9d4f34.employee-crud-app-db-deployer#flowable-async-job-executor-thread-1924#
[PollExecuteTaskStatusExecution] 79486012-676b-404c-9c94-0f22c9a103ff [2026-04-22T09:30:16.810228] modified files: [] (STDOUT, APP/TASK/deploy)#
#2026 04 22 09:30:24.650#Z#DEBUG#cf9e627f-3e2d-11f1-8b07-eeee0a9d4f34.employee-crud-app-db-deployer#flowable-async-job-executor-thread-1924#
[PollExecuteTaskStatusExecution] 79486012-676b-404c-9c94-0f22c9a103ff [2026-04-22T09:30:16.810392] deleted files: [] (STDOUT, APP/TASK/deploy)#
#2026 04 22 09:30:24.650#Z#DEBUG#cf9e627f-3e2d-11f1-8b07-eeee0a9d4f34.employee-crud-app-db-deployer#flowable-async-job-executor-thread-1924#
[PollExecuteTaskStatusExecution] 79486012-676b-404c-9c94-0f22c9a103ff [2026-04-22T09:30:16.810405] 0 modified or added files are scheduled for deploy based on delta detection (STDOUT, APP/TASK/deploy)#
#2026 04 22 09:30:24.650#Z#DEBUG#cf9e627f-3e2d-11f1-8b07-eeee0a9d4f34.employee-crud-app-db-deployer#flowable-async-job-executor-thread-1924#
[PollExecuteTaskStatusExecution] 79486012-676b-404c-9c94-0f22c9a103ff [2026-04-22T09:30:16.810669] 0 deleted files are scheduled for undeploy based on delta detection (filtered by undeploy allowlist) (STDOUT, APP/TASK/deploy)#
#2026 04 22 09:30:24.650#Z#DEBUG#cf9e627f-3e2d-11f1-8b07-eeee0a9d4f34.employee-crud-app-db-deployer#flowable-async-job-executor-thread-1924#
[PollExecuteTaskStatusExecution] 79486012-676b-404c-9c94-0f22c9a103ff [2026-04-22T09:30:16.810759] 0 files are scheduled for deploy based on explicit specification (STDOUT, APP/TASK/deploy)#
#2026 04 22 09:30:24.650#Z#DEBUG#cf9e627f-3e2d-11f1-8b07-eeee0a9d4f34.employee-crud-app-db-deployer#flowable-async-job-executor-thread-1924#
[PollExecuteTaskStatusExecution] 79486012-676b-404c-9c94-0f22c9a103ff [2026-04-22T09:30:16.810772] 0 files are scheduled for undeploy based on explicit specification (STDOUT, APP/TASK/deploy)#
#2026 04 22 09:30:24.650#Z#DEBUG#cf9e627f-3e2d-11f1-8b07-eeee0a9d4f34.employee-crud-app-db-deployer#flowable-async-job-executor-thread-1924#
[PollExecuteTaskStatusExecution] 79486012-676b-404c-9c94-0f22c9a103ff [2026-04-22T09:30:16.810829] Deploying to the container "74EA3EE61CF945DC8824F8174D8A4D75"... (STDOUT, APP/TASK/deploy)#
#2026 04 22 09:30:24.650#Z#DEBUG#cf9e627f-3e2d-11f1-8b07-eeee0a9d4f34.employee-crud-app-db-deployer#flowable-async-job-executor-thread-1924#
[PollExecuteTaskStatusExecution] 79486012-676b-404c-9c94-0f22c9a103ff [2026-04-22T09:30:17.126769] Starting make in the container "74EA3EE61CF945DC8824F8174D8A4D75" with 0 files to deploy, 0 files to undeploy... (STDOUT, APP/TASK/deploy)#
#2026 04 22 09:30:24.650#Z#DEBUG#cf9e627f-3e2d-11f1-8b07-eeee0a9d4f34.employee-crud-app-db-deployer#flowable-async-job-executor-thread-1924#
[PollExecuteTaskStatusExecution] 79486012-676b-404c-9c94-0f22c9a103ff [2026-04-22T09:30:17.126890] Disabling table replication for the container schema "74EA3EE61CF945DC8824F8174D8A4D75"... (STDOUT, APP/TASK/deploy)#
#2026 04 22 09:30:24.650#Z#DEBUG#cf9e627f-3e2d-11f1-8b07-eeee0a9d4f34.employee-crud-app-db-deployer#flowable-async-job-executor-thread-1924#
[PollExecuteTaskStatusExecution] 79486012-676b-404c-9c94-0f22c9a103ff [2026-04-22T09:30:17.127022] Disabling table replication for the container schema "74EA3EE61CF945DC8824F8174D8A4D75"... ok (0s 10ms) (STDOUT, APP/TASK/deploy)#
#2026 04 22 09:30:24.650#Z#DEBUG#cf9e627f-3e2d-11f1-8b07-eeee0a9d4f34.employee-crud-app-db-deployer#flowable-async-job-executor-thread-1924#
[PollExecuteTaskStatusExecution] 79486012-676b-404c-9c94-0f22c9a103ff [2026-04-22T09:30:17.127159] Migrating libraries... (STDOUT, APP/TASK/deploy)#
#2026 04 22 09:30:24.650#Z#DEBUG#cf9e627f-3e2d-11f1-8b07-eeee0a9d4f34.employee-crud-app-db-deployer#flowable-async-job-executor-thread-1924#
[PollExecuteTaskStatusExecution] 79486012-676b-404c-9c94-0f22c9a103ff [2026-04-22T09:30:17.127429] Migrating libraries... ok (0s 9ms) (STDOUT, APP/TASK/deploy)#
#2026 04 22 09:30:24.650#Z#DEBUG#cf9e627f-3e2d-11f1-8b07-eeee0a9d4f34.employee-crud-app-db-deployer#flowable-async-job-executor-thread-1924#
[PollExecuteTaskStatusExecution] 79486012-676b-404c-9c94-0f22c9a103ff [2026-04-22T09:30:17.127570] Making... (STDOUT, APP/TASK/deploy)#
#2026 04 22 09:30:24.650#Z#DEBUG#cf9e627f-3e2d-11f1-8b07-eeee0a9d4f34.employee-crud-app-db-deployer#flowable-async-job-executor-thread-1924#
[PollExecuteTaskStatusExecution] 79486012-676b-404c-9c94-0f22c9a103ff [2026-04-22T09:30:17.127638] Preparing... (STDOUT, APP/TASK/deploy)#
#2026 04 22 09:30:24.650#Z#DEBUG#cf9e627f-3e2d-11f1-8b07-eeee0a9d4f34.employee-crud-app-db-deployer#flowable-async-job-executor-thread-1924#
[PollExecuteTaskStatusExecution] 79486012-676b-404c-9c94-0f22c9a103ff [2026-04-22T09:30:17.127768] Preparing... ok (0s 0ms) (STDOUT, APP/TASK/deploy)#
#2026 04 22 09:30:24.650#Z#DEBUG#cf9e627f-3e2d-11f1-8b07-eeee0a9d4f34.employee-crud-app-db-deployer#flowable-async-job-executor-thread-1924#
[PollExecuteTaskStatusExecution] 79486012-676b-404c-9c94-0f22c9a103ff [2026-04-22T09:30:17.127836] Preparing the make transaction... (STDOUT, APP/TASK/deploy)#
#2026 04 22 09:30:24.650#Z#DEBUG#cf9e627f-3e2d-11f1-8b07-eeee0a9d4f34.employee-crud-app-db-deployer#flowable-async-job-executor-thread-1924#
[PollExecuteTaskStatusExecution] 79486012-676b-404c-9c94-0f22c9a103ff [2026-04-22T09:30:17.128004] Preparing the make transaction... ok (0s 8ms) (STDOUT, APP/TASK/deploy)#
#2026 04 22 09:30:24.650#Z#DEBUG#cf9e627f-3e2d-11f1-8b07-eeee0a9d4f34.employee-crud-app-db-deployer#flowable-async-job-executor-thread-1924#
[PollExecuteTaskStatusExecution] 79486012-676b-404c-9c94-0f22c9a103ff [2026-04-22T09:30:17.128071] Calculating dependencies... (STDOUT, APP/TASK/deploy)#
#2026 04 22 09:30:24.650#Z#DEBUG#cf9e627f-3e2d-11f1-8b07-eeee0a9d4f34.employee-crud-app-db-deployer#flowable-async-job-executor-thread-1924#
[PollExecuteTaskStatusExecution] 79486012-676b-404c-9c94-0f22c9a103ff [2026-04-22T09:30:17.128163] Expanding... (STDOUT, APP/TASK/deploy)#
#2026 04 22 09:30:24.650#Z#DEBUG#cf9e627f-3e2d-11f1-8b07-eeee0a9d4f34.employee-crud-app-db-deployer#flowable-async-job-executor-thread-1924#
[PollExecuteTaskStatusExecution] 79486012-676b-404c-9c94-0f22c9a103ff [2026-04-22T09:30:17.129421] Expanding... ok (0s 5ms) (STDOUT, APP/TASK/deploy)#
#2026 04 22 09:30:24.650#Z#DEBUG#cf9e627f-3e2d-11f1-8b07-eeee0a9d4f34.employee-crud-app-db-deployer#flowable-async-job-executor-thread-1924#
[PollExecuteTaskStatusExecution] 79486012-676b-404c-9c94-0f22c9a103ff [2026-04-22T09:30:17.129633] Precompiling... (STDOUT, APP/TASK/deploy)#
#2026 04 22 09:30:24.650#Z#DEBUG#cf9e627f-3e2d-11f1-8b07-eeee0a9d4f34.employee-crud-app-db-deployer#flowable-async-job-executor-thread-1924#
[PollExecuteTaskStatusExecution] 79486012-676b-404c-9c94-0f22c9a103ff [2026-04-22T09:30:17.129709] Precompiling... ok (0s 0ms) (STDOUT, APP/TASK/deploy)#
#2026 04 22 09:30:24.650#Z#DEBUG#cf9e627f-3e2d-11f1-8b07-eeee0a9d4f34.employee-crud-app-db-deployer#flowable-async-job-executor-thread-1924#
[PollExecuteTaskStatusExecution] 79486012-676b-404c-9c94-0f22c9a103ff [2026-04-22T09:30:17.129714] Merging... (STDOUT, APP/TASK/deploy)#
#2026 04 22 09:30:24.650#Z#DEBUG#cf9e627f-3e2d-11f1-8b07-eeee0a9d4f34.employee-crud-app-db-deployer#flowable-async-job-executor-thread-1924#
[PollExecuteTaskStatusExecution] 79486012-676b-404c-9c94-0f22c9a103ff [2026-04-22T09:30:17.129735] Merging... ok (0s 0ms) (STDOUT, APP/TASK/deploy)#
#2026 04 22 09:30:24.650#Z#DEBUG#cf9e627f-3e2d-11f1-8b07-eeee0a9d4f34.employee-crud-app-db-deployer#flowable-async-job-executor-thread-1924#
[PollExecuteTaskStatusExecution] 79486012-676b-404c-9c94-0f22c9a103ff [2026-04-22T09:30:17.129903] Calculating dependencies... ok (0s 5ms) (STDOUT, APP/TASK/deploy)#
#2026 04 22 09:30:24.650#Z#DEBUG#cf9e627f-3e2d-11f1-8b07-eeee0a9d4f34.employee-crud-app-db-deployer#flowable-async-job-executor-thread-1924#
[PollExecuteTaskStatusExecution] 79486012-676b-404c-9c94-0f22c9a103ff [2026-04-22T09:30:17.129926] No make necessary (STDOUT, APP/TASK/deploy)#
#2026 04 22 09:30:24.650#Z#DEBUG#cf9e627f-3e2d-11f1-8b07-eeee0a9d4f34.employee-crud-app-db-deployer#flowable-async-job-executor-thread-1924#
[PollExecuteTaskStatusExecution] 79486012-676b-404c-9c94-0f22c9a103ff [2026-04-22T09:30:17.130001] Making... ok (0s 44ms) (STDOUT, APP/TASK/deploy)#
#2026 04 22 09:30:24.650#Z#DEBUG#cf9e627f-3e2d-11f1-8b07-eeee0a9d4f34.employee-crud-app-db-deployer#flowable-async-job-executor-thread-1924#
[PollExecuteTaskStatusExecution] 79486012-676b-404c-9c94-0f22c9a103ff [2026-04-22T09:30:17.130079] Enabling table replication for the container schema "74EA3EE61CF945DC8824F8174D8A4D75"... (STDOUT, APP/TASK/deploy)#
#2026 04 22 09:30:24.650#Z#DEBUG#cf9e627f-3e2d-11f1-8b07-eeee0a9d4f34.employee-crud-app-db-deployer#flowable-async-job-executor-thread-1924#
[PollExecuteTaskStatusExecution] 79486012-676b-404c-9c94-0f22c9a103ff [2026-04-22T09:30:17.130145] Enabling table replication for the container schema "74EA3EE61CF945DC8824F8174D8A4D75"... ok (0s 9ms) (STDOUT, APP/TASK/deploy)#
#2026 04 22 09:30:24.650#Z#DEBUG#cf9e627f-3e2d-11f1-8b07-eeee0a9d4f34.employee-crud-app-db-deployer#flowable-async-job-executor-thread-1924#
[PollExecuteTaskStatusExecution] 79486012-676b-404c-9c94-0f22c9a103ff [2026-04-22T09:30:17.130233] Starting make in the container "74EA3EE61CF945DC8824F8174D8A4D75" with 0 files to deploy, 0 files to undeploy... ok (0s 80ms) (STDOUT, APP/TASK/deploy)#
#2026 04 22 09:30:24.650#Z#DEBUG#cf9e627f-3e2d-11f1-8b07-eeee0a9d4f34.employee-crud-app-db-deployer#flowable-async-job-executor-thread-1924#
[PollExecuteTaskStatusExecution] 79486012-676b-404c-9c94-0f22c9a103ff [2026-04-22T09:30:17.130733] Deploying to the container "74EA3EE61CF945DC8824F8174D8A4D75"... ok (0s 320ms) (STDOUT, APP/TASK/deploy)#
#2026 04 22 09:30:24.650#Z#DEBUG#cf9e627f-3e2d-11f1-8b07-eeee0a9d4f34.employee-crud-app-db-deployer#flowable-async-job-executor-thread-1924#
[PollExecuteTaskStatusExecution] 79486012-676b-404c-9c94-0f22c9a103ff [2026-04-22T09:30:17.131179] No default-access-role handling needed; global role "74EA3EE61CF945DC8824F8174D8A4D75::access_role" will not be adapted (STDOUT, APP/TASK/deploy)#
#2026 04 22 09:30:24.650#Z#DEBUG#cf9e627f-3e2d-11f1-8b07-eeee0a9d4f34.employee-crud-app-db-deployer#flowable-async-job-executor-thread-1924#
[PollExecuteTaskStatusExecution] 79486012-676b-404c-9c94-0f22c9a103ff [2026-04-22T09:30:17.131399] Unlocking the container "74EA3EE61CF945DC8824F8174D8A4D75"... (STDOUT, APP/TASK/deploy)#
#2026 04 22 09:30:24.650#Z#DEBUG#cf9e627f-3e2d-11f1-8b07-eeee0a9d4f34.employee-crud-app-db-deployer#flowable-async-job-executor-thread-1924#
[PollExecuteTaskStatusExecution] 79486012-676b-404c-9c94-0f22c9a103ff [2026-04-22T09:30:17.131901] Unlocking the container "74EA3EE61CF945DC8824F8174D8A4D75"... ok (0s 0ms) (STDOUT, APP/TASK/deploy)#
#2026 04 22 09:30:24.650#Z#DEBUG#cf9e627f-3e2d-11f1-8b07-eeee0a9d4f34.employee-crud-app-db-deployer#flowable-async-job-executor-thread-1924#
[PollExecuteTaskStatusExecution] 79486012-676b-404c-9c94-0f22c9a103ff [2026-04-22T09:30:17.132126] Deployment to container 74EA3EE61CF945DC8824F8174D8A4D75 done [Deployment ID: none]. (STDOUT, APP/TASK/deploy)#
#2026 04 22 09:30:24.650#Z#DEBUG#cf9e627f-3e2d-11f1-8b07-eeee0a9d4f34.employee-crud-app-db-deployer#flowable-async-job-executor-thread-1924#
[PollExecuteTaskStatusExecution] 79486012-676b-404c-9c94-0f22c9a103ff [2026-04-22T09:30:17.132736] Deployment ended at 2026-04-22 09:30:17 (STDOUT, APP/TASK/deploy)#
#2026 04 22 09:30:24.650#Z#DEBUG#cf9e627f-3e2d-11f1-8b07-eeee0a9d4f34.employee-crud-app-db-deployer#flowable-async-job-executor-thread-1924#
[PollExecuteTaskStatusExecution] 79486012-676b-404c-9c94-0f22c9a103ff [2026-04-22T09:30:17.133220] (1s 825ms) (STDOUT, APP/TASK/deploy)#
#2026 04 22 09:30:24.650#Z#DEBUG#cf9e627f-3e2d-11f1-8b07-eeee0a9d4f34.employee-crud-app-db-deployer#flowable-async-job-executor-thread-1924#
[PollExecuteTaskStatusExecution] 79486012-676b-404c-9c94-0f22c9a103ff [2026-04-22T09:30:17.152363] npm notice (STDERR, APP/TASK/deploy)#
#2026 04 22 09:30:24.650#Z#DEBUG#cf9e627f-3e2d-11f1-8b07-eeee0a9d4f34.employee-crud-app-db-deployer#flowable-async-job-executor-thread-1924#
[PollExecuteTaskStatusExecution] 79486012-676b-404c-9c94-0f22c9a103ff [2026-04-22T09:30:17.152385] npm notice New minor version of npm available! 11.6.2 -> 11.12.1 (STDERR, APP/TASK/deploy)#
#2026 04 22 09:30:24.651#Z#DEBUG#cf9e627f-3e2d-11f1-8b07-eeee0a9d4f34.employee-crud-app-db-deployer#flowable-async-job-executor-thread-1924#
[PollExecuteTaskStatusExecution] 79486012-676b-404c-9c94-0f22c9a103ff [2026-04-22T09:30:17.152391] npm notice Changelog: https://github.com/npm/cli/releases/tag/v11.12.1 (STDERR, APP/TASK/deploy)#
#2026 04 22 09:30:24.651#Z#DEBUG#cf9e627f-3e2d-11f1-8b07-eeee0a9d4f34.employee-crud-app-db-deployer#flowable-async-job-executor-thread-1924#
[PollExecuteTaskStatusExecution] 79486012-676b-404c-9c94-0f22c9a103ff [2026-04-22T09:30:17.152394] npm notice To update run: npm install -g npm@11.12.1 (STDERR, APP/TASK/deploy)#
#2026 04 22 09:30:24.651#Z#DEBUG#cf9e627f-3e2d-11f1-8b07-eeee0a9d4f34.employee-crud-app-db-deployer#flowable-async-job-executor-thread-1924#
[PollExecuteTaskStatusExecution] 79486012-676b-404c-9c94-0f22c9a103ff [2026-04-22T09:30:17.152397] npm notice (STDERR, APP/TASK/deploy)#
#2026 04 22 09:30:24.651#Z#DEBUG#cf9e627f-3e2d-11f1-8b07-eeee0a9d4f34.employee-crud-app-db-deployer#flowable-async-job-executor-thread-1924#
[PollExecuteTaskStatusExecution] 79486012-676b-404c-9c94-0f22c9a103ff [2026-04-22T09:30:17.233201] Exit status 0 (STDOUT, APP/TASK/deploy)#
#2026 04 22 09:30:24.651#Z#DEBUG#cf9e627f-3e2d-11f1-8b07-eeee0a9d4f34.employee-crud-app-db-deployer#flowable-async-job-executor-thread-1924#
[PollExecuteTaskStatusExecution] 79486012-676b-404c-9c94-0f22c9a103ff [2026-04-22T09:30:17.788498] Cell 1ea14514-f0fe-461c-9aa9-a53bbe093b00 stopping instance 5f9f26ce-36bb-4c95-aa62-62ca517f7157 (STDOUT, CELL)#
#2026 04 22 09:30:24.651#Z#DEBUG#cf9e627f-3e2d-11f1-8b07-eeee0a9d4f34.employee-crud-app-db-deployer#flowable-async-job-executor-thread-1924#
[PollExecuteTaskStatusExecution] 79486012-676b-404c-9c94-0f22c9a103ff [2026-04-22T09:30:17.788533] Cell 1ea14514-f0fe-461c-9aa9-a53bbe093b00 destroying container for instance 5f9f26ce-36bb-4c95-aa62-62ca517f7157 (STDOUT, CELL)#
#2026 04 22 09:30:24.651#Z#DEBUG#cf9e627f-3e2d-11f1-8b07-eeee0a9d4f34.employee-crud-app-db-deployer#flowable-async-job-executor-thread-1924#
[PollExecuteTaskStatusExecution] 79486012-676b-404c-9c94-0f22c9a103ff [2026-04-22T09:30:20.994715] Cell 1ea14514-f0fe-461c-9aa9-a53bbe093b00 successfully destroyed container for instance 5f9f26ce-36bb-4c95-aa62-62ca517f7157 (STDOUT, CELL)#
